Determining if files alsa/asoundlib.h exist failed with the following output:
Change Dir: /home/nour/OS-Project/processManager/target/debug/build/fltk-sys-bbdbb3dbcb054813/out/build/CMakeFiles/CMakeTmp

Run Build Command:"/usr/bin/make" "cmTC_1ec88/fast"
/usr/bin/make -f CMakeFiles/cmTC_1ec88.dir/build.make CMakeFiles/cmTC_1ec88.dir/build
make[1]: Entering directory '/home/nour/OS-Project/processManager/target/debug/build/fltk-sys-bbdbb3dbcb054813/out/build/CMakeFiles/CMakeTmp'
Building C object CMakeFiles/cmTC_1ec88.dir/CheckIncludeFiles.c.o
/usr/bin/cc   -ffunction-sections -fdata-sections -fPIC -m64    -o CMakeFiles/cmTC_1ec88.dir/CheckIncludeFiles.c.o   -c /home/nour/OS-Project/processManager/target/debug/build/fltk-sys-bbdbb3dbcb054813/out/build/CMakeFiles/CMakeTmp/CheckIncludeFiles.c
/home/nour/OS-Project/processManager/target/debug/build/fltk-sys-bbdbb3dbcb054813/out/build/CMakeFiles/CMakeTmp/CheckIncludeFiles.c:2:10: fatal error: alsa/asoundlib.h: No such file or directory
 #include <alsa/asoundlib.h>
          ^~~~~~~~~~~~~~~~~~
compilation terminated.
CMakeFiles/cmTC_1ec88.dir/build.make:65: recipe for target 'CMakeFiles/cmTC_1ec88.dir/CheckIncludeFiles.c.o' failed
make[1]: *** [CMakeFiles/cmTC_1ec88.dir/CheckIncludeFiles.c.o] Error 1
make[1]: Leaving directory '/home/nour/OS-Project/processManager/target/debug/build/fltk-sys-bbdbb3dbcb054813/out/build/CMakeFiles/CMakeTmp'
Makefile:126: recipe for target 'cmTC_1ec88/fast' failed
make: *** [cmTC_1ec88/fast] Error 2

Source:
/* */
#include <alsa/asoundlib.h>


int main(void){return 0;}

Determining if files OpenGL/glu.h exist failed with the following output:
Change Dir: /home/nour/OS-Project/processManager/target/debug/build/fltk-sys-bbdbb3dbcb054813/out/build/CMakeFiles/CMakeTmp

Run Build Command:"/usr/bin/make" "cmTC_4009b/fast"
/usr/bin/make -f CMakeFiles/cmTC_4009b.dir/build.make CMakeFiles/cmTC_4009b.dir/build
make[1]: Entering directory '/home/nour/OS-Project/processManager/target/debug/build/fltk-sys-bbdbb3dbcb054813/out/build/CMakeFiles/CMakeTmp'
Building C object CMakeFiles/cmTC_4009b.dir/CheckIncludeFiles.c.o
/usr/bin/cc   -ffunction-sections -fdata-sections -fPIC -m64    -o CMakeFiles/cmTC_4009b.dir/CheckIncludeFiles.c.o   -c /home/nour/OS-Project/processManager/target/debug/build/fltk-sys-bbdbb3dbcb054813/out/build/CMakeFiles/CMakeTmp/CheckIncludeFiles.c
/home/nour/OS-Project/processManager/target/debug/build/fltk-sys-bbdbb3dbcb054813/out/build/CMakeFiles/CMakeTmp/CheckIncludeFiles.c:2:10: fatal error: OpenGL/glu.h: No such file or directory
 #include <OpenGL/glu.h>
          ^~~~~~~~~~~~~~
compilation terminated.
CMakeFiles/cmTC_4009b.dir/build.make:65: recipe for target 'CMakeFiles/cmTC_4009b.dir/CheckIncludeFiles.c.o' failed
make[1]: *** [CMakeFiles/cmTC_4009b.dir/CheckIncludeFiles.c.o] Error 1
make[1]: Leaving directory '/home/nour/OS-Project/processManager/target/debug/build/fltk-sys-bbdbb3dbcb054813/out/build/CMakeFiles/CMakeTmp'
Makefile:126: recipe for target 'cmTC_4009b/fast' failed
make: *** [cmTC_4009b/fast] Error 2

Source:
/* */
#include <OpenGL/glu.h>


int main(void){return 0;}

Determining if files sys/stdtypes.h exist failed with the following output:
Change Dir: /home/nour/OS-Project/processManager/target/debug/build/fltk-sys-bbdbb3dbcb054813/out/build/CMakeFiles/CMakeTmp

Run Build Command:"/usr/bin/make" "cmTC_469c2/fast"
/usr/bin/make -f CMakeFiles/cmTC_469c2.dir/build.make CMakeFiles/cmTC_469c2.dir/build
make[1]: Entering directory '/home/nour/OS-Project/processManager/target/debug/build/fltk-sys-bbdbb3dbcb054813/out/build/CMakeFiles/CMakeTmp'
Building C object CMakeFiles/cmTC_469c2.dir/CheckIncludeFiles.c.o
/usr/bin/cc   -ffunction-sections -fdata-sections -fPIC -m64    -o CMakeFiles/cmTC_469c2.dir/CheckIncludeFiles.c.o   -c /home/nour/OS-Project/processManager/target/debug/build/fltk-sys-bbdbb3dbcb054813/out/build/CMakeFiles/CMakeTmp/CheckIncludeFiles.c
/home/nour/OS-Project/processManager/target/debug/build/fltk-sys-bbdbb3dbcb054813/out/build/CMakeFiles/CMakeTmp/CheckIncludeFiles.c:2:10: fatal error: sys/stdtypes.h: No such file or directory
 #include <sys/stdtypes.h>
          ^~~~~~~~~~~~~~~~
compilation terminated.
CMakeFiles/cmTC_469c2.dir/build.make:65: recipe for target 'CMakeFiles/cmTC_469c2.dir/CheckIncludeFiles.c.o' failed
make[1]: *** [CMakeFiles/cmTC_469c2.dir/CheckIncludeFiles.c.o] Error 1
make[1]: Leaving directory '/home/nour/OS-Project/processManager/target/debug/build/fltk-sys-bbdbb3dbcb054813/out/build/CMakeFiles/CMakeTmp'
Makefile:126: recipe for target 'cmTC_469c2/fast' failed
make: *** [cmTC_469c2/fast] Error 2

Source:
/* */
#include <sys/stdtypes.h>


int main(void){return 0;}

Determining if the function strlcat exists failed with the following output:
Change Dir: /home/nour/OS-Project/processManager/target/debug/build/fltk-sys-bbdbb3dbcb054813/out/build/CMakeFiles/CMakeTmp

Run Build Command:"/usr/bin/make" "cmTC_ad926/fast"
/usr/bin/make -f CMakeFiles/cmTC_ad926.dir/build.make CMakeFiles/cmTC_ad926.dir/build
make[1]: Entering directory '/home/nour/OS-Project/processManager/target/debug/build/fltk-sys-bbdbb3dbcb054813/out/build/CMakeFiles/CMakeTmp'
Building C object CMakeFiles/cmTC_ad926.dir/CheckFunctionExists.c.o
/usr/bin/cc   -ffunction-sections -fdata-sections -fPIC -m64 -DCHECK_FUNCTION_EXISTS=strlcat   -o CMakeFiles/cmTC_ad926.dir/CheckFunctionExists.c.o   -c /usr/share/cmake-3.10/Modules/CheckFunctionExists.c
Linking C executable cmTC_ad926
/usr/bin/cmake -E cmake_link_script CMakeFiles/cmTC_ad926.dir/link.txt --verbose=1
/usr/bin/cc  -ffunction-sections -fdata-sections -fPIC -m64 -DCHECK_FUNCTION_EXISTS=strlcat    -rdynamic CMakeFiles/cmTC_ad926.dir/CheckFunctionExists.c.o  -o cmTC_ad926 
CMakeFiles/cmTC_ad926.dir/CheckFunctionExists.c.o: In function `main':
CheckFunctionExists.c:(.text.main+0x10): undefined reference to `strlcat'
collect2: error: ld returned 1 exit status
CMakeFiles/cmTC_ad926.dir/build.make:97: recipe for target 'cmTC_ad926' failed
make[1]: *** [cmTC_ad926] Error 1
make[1]: Leaving directory '/home/nour/OS-Project/processManager/target/debug/build/fltk-sys-bbdbb3dbcb054813/out/build/CMakeFiles/CMakeTmp'
Makefile:126: recipe for target 'cmTC_ad926/fast' failed
make: *** [cmTC_ad926/fast] Error 2


Determining if the function strlcpy exists failed with the following output:
Change Dir: /home/nour/OS-Project/processManager/target/debug/build/fltk-sys-bbdbb3dbcb054813/out/build/CMakeFiles/CMakeTmp

Run Build Command:"/usr/bin/make" "cmTC_5260a/fast"
/usr/bin/make -f CMakeFiles/cmTC_5260a.dir/build.make CMakeFiles/cmTC_5260a.dir/build
make[1]: Entering directory '/home/nour/OS-Project/processManager/target/debug/build/fltk-sys-bbdbb3dbcb054813/out/build/CMakeFiles/CMakeTmp'
Building C object CMakeFiles/cmTC_5260a.dir/CheckFunctionExists.c.o
/usr/bin/cc   -ffunction-sections -fdata-sections -fPIC -m64 -DCHECK_FUNCTION_EXISTS=strlcpy   -o CMakeFiles/cmTC_5260a.dir/CheckFunctionExists.c.o   -c /usr/share/cmake-3.10/Modules/CheckFunctionExists.c
Linking C executable cmTC_5260a
/usr/bin/cmake -E cmake_link_script CMakeFiles/cmTC_5260a.dir/link.txt --verbose=1
/usr/bin/cc  -ffunction-sections -fdata-sections -fPIC -m64 -DCHECK_FUNCTION_EXISTS=strlcpy    -rdynamic CMakeFiles/cmTC_5260a.dir/CheckFunctionExists.c.o  -o cmTC_5260a 
CMakeFiles/cmTC_5260a.dir/CheckFunctionExists.c.o: In function `main':
CheckFunctionExists.c:(.text.main+0x10): undefined reference to `strlcpy'
collect2: error: ld returned 1 exit status
CMakeFiles/cmTC_5260a.dir/build.make:97: recipe for target 'cmTC_5260a' failed
make[1]: *** [cmTC_5260a] Error 1
make[1]: Leaving directory '/home/nour/OS-Project/processManager/target/debug/build/fltk-sys-bbdbb3dbcb054813/out/build/CMakeFiles/CMakeTmp'
Makefile:126: recipe for target 'cmTC_5260a/fast' failed
make: *** [cmTC_5260a/fast] Error 2


Determining if the pthread_create exist failed with the following output:
Change Dir: /home/nour/OS-Project/processManager/target/debug/build/fltk-sys-bbdbb3dbcb054813/out/build/CMakeFiles/CMakeTmp

Run Build Command:"/usr/bin/make" "cmTC_10177/fast"
/usr/bin/make -f CMakeFiles/cmTC_10177.dir/build.make CMakeFiles/cmTC_10177.dir/build
make[1]: Entering directory '/home/nour/OS-Project/processManager/target/debug/build/fltk-sys-bbdbb3dbcb054813/out/build/CMakeFiles/CMakeTmp'
Building C object CMakeFiles/cmTC_10177.dir/CheckSymbolExists.c.o
/usr/bin/cc   -ffunction-sections -fdata-sections -fPIC -m64    -o CMakeFiles/cmTC_10177.dir/CheckSymbolExists.c.o   -c /home/nour/OS-Project/processManager/target/debug/build/fltk-sys-bbdbb3dbcb054813/out/build/CMakeFiles/CMakeTmp/CheckSymbolExists.c
Linking C executable cmTC_10177
/usr/bin/cmake -E cmake_link_script CMakeFiles/cmTC_10177.dir/link.txt --verbose=1
/usr/bin/cc  -ffunction-sections -fdata-sections -fPIC -m64     -rdynamic CMakeFiles/cmTC_10177.dir/CheckSymbolExists.c.o  -o cmTC_10177 
CMakeFiles/cmTC_10177.dir/CheckSymbolExists.c.o: In function `main':
CheckSymbolExists.c:(.text.main+0x1b): undefined reference to `pthread_create'
collect2: error: ld returned 1 exit status
CMakeFiles/cmTC_10177.dir/build.make:97: recipe for target 'cmTC_10177' failed
make[1]: *** [cmTC_10177] Error 1
make[1]: Leaving directory '/home/nour/OS-Project/processManager/target/debug/build/fltk-sys-bbdbb3dbcb054813/out/build/CMakeFiles/CMakeTmp'
Makefile:126: recipe for target 'cmTC_10177/fast' failed
make: *** [cmTC_10177/fast] Error 2

File /home/nour/OS-Project/processManager/target/debug/build/fltk-sys-bbdbb3dbcb054813/out/build/CMakeFiles/CMakeTmp/CheckSymbolExists.c:
/* */
#include <pthread.h>

int main(int argc, char** argv)
{
  (void)argv;
#ifndef pthread_create
  return ((int*)(&pthread_create))[argc];
#else
  (void)argc;
  return 0;
#endif
}

Determining if the function pthread_create exists in the pthreads failed with the following output:
Change Dir: /home/nour/OS-Project/processManager/target/debug/build/fltk-sys-bbdbb3dbcb054813/out/build/CMakeFiles/CMakeTmp

Run Build Command:"/usr/bin/make" "cmTC_85bb0/fast"
/usr/bin/make -f CMakeFiles/cmTC_85bb0.dir/build.make CMakeFiles/cmTC_85bb0.dir/build
make[1]: Entering directory '/home/nour/OS-Project/processManager/target/debug/build/fltk-sys-bbdbb3dbcb054813/out/build/CMakeFiles/CMakeTmp'
Building C object CMakeFiles/cmTC_85bb0.dir/CheckFunctionExists.c.o
/usr/bin/cc   -ffunction-sections -fdata-sections -fPIC -m64 -DCHECK_FUNCTION_EXISTS=pthread_create   -o CMakeFiles/cmTC_85bb0.dir/CheckFunctionExists.c.o   -c /usr/share/cmake-3.10/Modules/CheckFunctionExists.c
Linking C executable cmTC_85bb0
/usr/bin/cmake -E cmake_link_script CMakeFiles/cmTC_85bb0.dir/link.txt --verbose=1
/usr/bin/cc  -ffunction-sections -fdata-sections -fPIC -m64 -DCHECK_FUNCTION_EXISTS=pthread_create    -rdynamic CMakeFiles/cmTC_85bb0.dir/CheckFunctionExists.c.o  -o cmTC_85bb0 -lpthreads 
/usr/bin/ld: cannot find -lpthreads
collect2: error: ld returned 1 exit status
CMakeFiles/cmTC_85bb0.dir/build.make:97: recipe for target 'cmTC_85bb0' failed
make[1]: *** [cmTC_85bb0] Error 1
make[1]: Leaving directory '/home/nour/OS-Project/processManager/target/debug/build/fltk-sys-bbdbb3dbcb054813/out/build/CMakeFiles/CMakeTmp'
Makefile:126: recipe for target 'cmTC_85bb0/fast' failed
make: *** [cmTC_85bb0/fast] Error 2


