The system is: Linux - 5.15.167.4-microsoft-standard-WSL2 - x86_64
Compiling the C compiler identification source file "CMakeCCompilerId.c" succeeded.
Compiler: /usr/bin/cc 
Build flags: ;-ffunction-sections;-fdata-sections;-fPIC;-m64
Id flags:  

The output was:
0


Compilation of the C compiler identification source "CMakeCCompilerId.c" produced "a.out"

The C compiler identification is GNU, found in "/home/nour/OS-Project/processManager/target/debug/build/fltk-sys-bbdbb3dbcb054813/out/build/CMakeFiles/3.10.2/CompilerIdC/a.out"

Compiling the CXX compiler identification source file "CMakeCXXCompilerId.cpp" succeeded.
Compiler: /usr/bin/c++ 
Build flags: ;-ffunction-sections;-fdata-sections;-fPIC;-m64
Id flags:  

The output was:
0


Compilation of the CXX compiler identification source "CMakeCXXCompilerId.cpp" produced "a.out"

The CXX compiler identification is GNU, found in "/home/nour/OS-Project/processManager/target/debug/build/fltk-sys-bbdbb3dbcb054813/out/build/CMakeFiles/3.10.2/CompilerIdCXX/a.out"

Determining if the C compiler works passed with the following output:
Change Dir: /home/nour/OS-Project/processManager/target/debug/build/fltk-sys-bbdbb3dbcb054813/out/build/CMakeFiles/CMakeTmp

Run Build Command:"/usr/bin/make" "cmTC_3153a/fast"
/usr/bin/make -f CMakeFiles/cmTC_3153a.dir/build.make CMakeFiles/cmTC_3153a.dir/build
make[1]: Entering directory '/home/nour/OS-Project/processManager/target/debug/build/fltk-sys-bbdbb3dbcb054813/out/build/CMakeFiles/CMakeTmp'
Building C object CMakeFiles/cmTC_3153a.dir/testCCompiler.c.o
/usr/bin/cc   -ffunction-sections -fdata-sections -fPIC -m64    -o CMakeFiles/cmTC_3153a.dir/testCCompiler.c.o   -c /home/nour/OS-Project/processManager/target/debug/build/fltk-sys-bbdbb3dbcb054813/out/build/CMakeFiles/CMakeTmp/testCCompiler.c
Linking C executable cmTC_3153a
/usr/bin/cmake -E cmake_link_script CMakeFiles/cmTC_3153a.dir/link.txt --verbose=1
/usr/bin/cc  -ffunction-sections -fdata-sections -fPIC -m64     -rdynamic CMakeFiles/cmTC_3153a.dir/testCCompiler.c.o  -o cmTC_3153a 
make[1]: Leaving directory '/home/nour/OS-Project/processManager/target/debug/build/fltk-sys-bbdbb3dbcb054813/out/build/CMakeFiles/CMakeTmp'


Detecting C compiler ABI info compiled with the following output:
Change Dir: /home/nour/OS-Project/processManager/target/debug/build/fltk-sys-bbdbb3dbcb054813/out/build/CMakeFiles/CMakeTmp

Run Build Command:"/usr/bin/make" "cmTC_f4795/fast"
/usr/bin/make -f CMakeFiles/cmTC_f4795.dir/build.make CMakeFiles/cmTC_f4795.dir/build
make[1]: Entering directory '/home/nour/OS-Project/processManager/target/debug/build/fltk-sys-bbdbb3dbcb054813/out/build/CMakeFiles/CMakeTmp'
Building C object CMakeFiles/cmTC_f4795.dir/CMakeCCompilerABI.c.o
/usr/bin/cc   -ffunction-sections -fdata-sections -fPIC -m64    -o CMakeFiles/cmTC_f4795.dir/CMakeCCompilerABI.c.o   -c /usr/share/cmake-3.10/Modules/CMakeCCompilerABI.c
Linking C executable cmTC_f4795
/usr/bin/cmake -E cmake_link_script CMakeFiles/cmTC_f4795.dir/link.txt --verbose=1
/usr/bin/cc  -ffunction-sections -fdata-sections -fPIC -m64    -v -rdynamic CMakeFiles/cmTC_f4795.dir/CMakeCCompilerABI.c.o  -o cmTC_f4795 
Using built-in specs.
COLLECT_GCC=/usr/bin/cc
COLLECT_LTO_WRAPPER=/usr/lib/gcc/x86_64-linux-gnu/7/lto-wrapper
OFFLOAD_TARGET_NAMES=nvptx-none
OFFLOAD_TARGET_DEFAULT=1
Target: x86_64-linux-gnu
Configured with: ../src/configure -v --with-pkgversion='Ubuntu 7.5.0-3ubuntu1~18.04' --with-bugurl=file:///usr/share/doc/gcc-7/README.Bugs --enable-languages=c,ada,c++,go,brig,d,fortran,objc,obj-c++ --prefix=/usr --with-gcc-major-version-only --program-suffix=-7 --program-prefix=x86_64-linux-gnu- --enable-shared --enable-linker-build-id --libexecdir=/usr/lib --without-included-gettext --enable-threads=posix --libdir=/usr/lib --enable-nls --enable-bootstrap --enable-clocale=gnu --enable-libstdcxx-debug --enable-libstdcxx-time=yes --with-default-libstdcxx-abi=new --enable-gnu-unique-object --disable-vtable-verify --enable-libmpx --enable-plugin --enable-default-pie --with-system-zlib --with-target-system-zlib --enable-objc-gc=auto --enable-multiarch --disable-werror --with-arch-32=i686 --with-abi=m64 --with-multilib-list=m32,m64,mx32 --enable-multilib --with-tune=generic --enable-offload-targets=nvptx-none --without-cuda-driver --enable-checking=release --build=x86_64-linux-gnu --host=x86_64-linux-gnu --target=x86_64-linux-gnu
Thread model: posix
gcc version 7.5.0 (Ubuntu 7.5.0-3ubuntu1~18.04) 
COMPILER_PATH=/usr/lib/gcc/x86_64-linux-gnu/7/:/usr/lib/gcc/x86_64-linux-gnu/7/:/usr/lib/gcc/x86_64-linux-gnu/:/usr/lib/gcc/x86_64-linux-gnu/7/:/usr/lib/gcc/x86_64-linux-gnu/
LIBRARY_PATH=/usr/lib/gcc/x86_64-linux-gnu/7/:/usr/lib/gcc/x86_64-linux-gnu/7/../../../x86_64-linux-gnu/:/usr/lib/gcc/x86_64-linux-gnu/7/../../../../lib/:/lib/x86_64-linux-gnu/:/lib/../lib/:/usr/lib/x86_64-linux-gnu/:/usr/lib/../lib/:/usr/lib/gcc/x86_64-linux-gnu/7/../../../:/lib/:/usr/lib/
COLLECT_GCC_OPTIONS='-ffunction-sections' '-fdata-sections' '-fPIC' '-m64' '-v' '-rdynamic' '-o' 'cmTC_f4795' '-mtune=generic' '-march=x86-64'
 /usr/lib/gcc/x86_64-linux-gnu/7/collect2 -plugin /usr/lib/gcc/x86_64-linux-gnu/7/liblto_plugin.so -plugin-opt=/usr/lib/gcc/x86_64-linux-gnu/7/lto-wrapper -plugin-opt=-fresolution=/tmp/ccynl6v0.res -plugin-opt=-pass-through=-lgcc -plugin-opt=-pass-through=-lgcc_s -plugin-opt=-pass-through=-lc -plugin-opt=-pass-through=-lgcc -plugin-opt=-pass-through=-lgcc_s --build-id --eh-frame-hdr -m elf_x86_64 --hash-style=gnu --as-needed -export-dynamic -dynamic-linker /lib64/ld-linux-x86-64.so.2 -pie -z now -z relro -o cmTC_f4795 /usr/lib/gcc/x86_64-linux-gnu/7/../../../x86_64-linux-gnu/Scrt1.o /usr/lib/gcc/x86_64-linux-gnu/7/../../../x86_64-linux-gnu/crti.o /usr/lib/gcc/x86_64-linux-gnu/7/crtbeginS.o -L/usr/lib/gcc/x86_64-linux-gnu/7 -L/usr/lib/gcc/x86_64-linux-gnu/7/../../../x86_64-linux-gnu -L/usr/lib/gcc/x86_64-linux-gnu/7/../../../../lib -L/lib/x86_64-linux-gnu -L/lib/../lib -L/usr/lib/x86_64-linux-gnu -L/usr/lib/../lib -L/usr/lib/gcc/x86_64-linux-gnu/7/../../.. CMakeFiles/cmTC_f4795.dir/CMakeCCompilerABI.c.o -lgcc --push-state --as-needed -lgcc_s --pop-state -lc -lgcc --push-state --as-needed -lgcc_s --pop-state /usr/lib/gcc/x86_64-linux-gnu/7/crtendS.o /usr/lib/gcc/x86_64-linux-gnu/7/../../../x86_64-linux-gnu/crtn.o
COLLECT_GCC_OPTIONS='-ffunction-sections' '-fdata-sections' '-fPIC' '-m64' '-v' '-rdynamic' '-o' 'cmTC_f4795' '-mtune=generic' '-march=x86-64'
make[1]: Leaving directory '/home/nour/OS-Project/processManager/target/debug/build/fltk-sys-bbdbb3dbcb054813/out/build/CMakeFiles/CMakeTmp'


Parsed C implicit link information from above output:
  link line regex: [^( *|.*[/\])(ld|CMAKE_LINK_STARTFILE-NOTFOUND|([^/\]+-)?ld|collect2)[^/\]*( |$)]
  ignore line: [Change Dir: /home/nour/OS-Project/processManager/target/debug/build/fltk-sys-bbdbb3dbcb054813/out/build/CMakeFiles/CMakeTmp]
  ignore line: []
  ignore line: [Run Build Command:"/usr/bin/make" "cmTC_f4795/fast"]
  ignore line: [/usr/bin/make -f CMakeFiles/cmTC_f4795.dir/build.make CMakeFiles/cmTC_f4795.dir/build]
  ignore line: [make[1]: Entering directory '/home/nour/OS-Project/processManager/target/debug/build/fltk-sys-bbdbb3dbcb054813/out/build/CMakeFiles/CMakeTmp']
  ignore line: [Building C object CMakeFiles/cmTC_f4795.dir/CMakeCCompilerABI.c.o]
  ignore line: [/usr/bin/cc   -ffunction-sections -fdata-sections -fPIC -m64    -o CMakeFiles/cmTC_f4795.dir/CMakeCCompilerABI.c.o   -c /usr/share/cmake-3.10/Modules/CMakeCCompilerABI.c]
  ignore line: [Linking C executable cmTC_f4795]
  ignore line: [/usr/bin/cmake -E cmake_link_script CMakeFiles/cmTC_f4795.dir/link.txt --verbose=1]
  ignore line: [/usr/bin/cc  -ffunction-sections -fdata-sections -fPIC -m64    -v -rdynamic CMakeFiles/cmTC_f4795.dir/CMakeCCompilerABI.c.o  -o cmTC_f4795 ]
  ignore line: [Using built-in specs.]
  ignore line: [COLLECT_GCC=/usr/bin/cc]
  ignore line: [COLLECT_LTO_WRAPPER=/usr/lib/gcc/x86_64-linux-gnu/7/lto-wrapper]
  ignore line: [OFFLOAD_TARGET_NAMES=nvptx-none]
  ignore line: [OFFLOAD_TARGET_DEFAULT=1]
  ignore line: [Target: x86_64-linux-gnu]
  ignore line: [Configured with: ../src/configure -v --with-pkgversion='Ubuntu 7.5.0-3ubuntu1~18.04' --with-bugurl=file:///usr/share/doc/gcc-7/README.Bugs --enable-languages=c,ada,c++,go,brig,d,fortran,objc,obj-c++ --prefix=/usr --with-gcc-major-version-only --program-suffix=-7 --program-prefix=x86_64-linux-gnu- --enable-shared --enable-linker-build-id --libexecdir=/usr/lib --without-included-gettext --enable-threads=posix --libdir=/usr/lib --enable-nls --enable-bootstrap --enable-clocale=gnu --enable-libstdcxx-debug --enable-libstdcxx-time=yes --with-default-libstdcxx-abi=new --enable-gnu-unique-object --disable-vtable-verify --enable-libmpx --enable-plugin --enable-default-pie --with-system-zlib --with-target-system-zlib --enable-objc-gc=auto --enable-multiarch --disable-werror --with-arch-32=i686 --with-abi=m64 --with-multilib-list=m32,m64,mx32 --enable-multilib --with-tune=generic --enable-offload-targets=nvptx-none --without-cuda-driver --enable-checking=release --build=x86_64-linux-gnu --host=x86_64-linux-gnu --target=x86_64-linux-gnu]
  ignore line: [Thread model: posix]
  ignore line: [gcc version 7.5.0 (Ubuntu 7.5.0-3ubuntu1~18.04) ]
  ignore line: [COMPILER_PATH=/usr/lib/gcc/x86_64-linux-gnu/7/:/usr/lib/gcc/x86_64-linux-gnu/7/:/usr/lib/gcc/x86_64-linux-gnu/:/usr/lib/gcc/x86_64-linux-gnu/7/:/usr/lib/gcc/x86_64-linux-gnu/]
  ignore line: [LIBRARY_PATH=/usr/lib/gcc/x86_64-linux-gnu/7/:/usr/lib/gcc/x86_64-linux-gnu/7/../../../x86_64-linux-gnu/:/usr/lib/gcc/x86_64-linux-gnu/7/../../../../lib/:/lib/x86_64-linux-gnu/:/lib/../lib/:/usr/lib/x86_64-linux-gnu/:/usr/lib/../lib/:/usr/lib/gcc/x86_64-linux-gnu/7/../../../:/lib/:/usr/lib/]
  ignore line: [COLLECT_GCC_OPTIONS='-ffunction-sections' '-fdata-sections' '-fPIC' '-m64' '-v' '-rdynamic' '-o' 'cmTC_f4795' '-mtune=generic' '-march=x86-64']
  link line: [ /usr/lib/gcc/x86_64-linux-gnu/7/collect2 -plugin /usr/lib/gcc/x86_64-linux-gnu/7/liblto_plugin.so -plugin-opt=/usr/lib/gcc/x86_64-linux-gnu/7/lto-wrapper -plugin-opt=-fresolution=/tmp/ccynl6v0.res -plugin-opt=-pass-through=-lgcc -plugin-opt=-pass-through=-lgcc_s -plugin-opt=-pass-through=-lc -plugin-opt=-pass-through=-lgcc -plugin-opt=-pass-through=-lgcc_s --build-id --eh-frame-hdr -m elf_x86_64 --hash-style=gnu --as-needed -export-dynamic -dynamic-linker /lib64/ld-linux-x86-64.so.2 -pie -z now -z relro -o cmTC_f4795 /usr/lib/gcc/x86_64-linux-gnu/7/../../../x86_64-linux-gnu/Scrt1.o /usr/lib/gcc/x86_64-linux-gnu/7/../../../x86_64-linux-gnu/crti.o /usr/lib/gcc/x86_64-linux-gnu/7/crtbeginS.o -L/usr/lib/gcc/x86_64-linux-gnu/7 -L/usr/lib/gcc/x86_64-linux-gnu/7/../../../x86_64-linux-gnu -L/usr/lib/gcc/x86_64-linux-gnu/7/../../../../lib -L/lib/x86_64-linux-gnu -L/lib/../lib -L/usr/lib/x86_64-linux-gnu -L/usr/lib/../lib -L/usr/lib/gcc/x86_64-linux-gnu/7/../../.. CMakeFiles/cmTC_f4795.dir/CMakeCCompilerABI.c.o -lgcc --push-state --as-needed -lgcc_s --pop-state -lc -lgcc --push-state --as-needed -lgcc_s --pop-state /usr/lib/gcc/x86_64-linux-gnu/7/crtendS.o /usr/lib/gcc/x86_64-linux-gnu/7/../../../x86_64-linux-gnu/crtn.o]
    arg [/usr/lib/gcc/x86_64-linux-gnu/7/collect2] ==> ignore
    arg [-plugin] ==> ignore
    arg [/usr/lib/gcc/x86_64-linux-gnu/7/liblto_plugin.so] ==> ignore
    arg [-plugin-opt=/usr/lib/gcc/x86_64-linux-gnu/7/lto-wrapper] ==> ignore
    arg [-plugin-opt=-fresolution=/tmp/ccynl6v0.res] ==> ignore
    arg [-plugin-opt=-pass-through=-lgcc] ==> ignore
    arg [-plugin-opt=-pass-through=-lgcc_s] ==> ignore
    arg [-plugin-opt=-pass-through=-lc] ==> ignore
    arg [-plugin-opt=-pass-through=-lgcc] ==> ignore
    arg [-plugin-opt=-pass-through=-lgcc_s] ==> ignore
    arg [--build-id] ==> ignore
    arg [--eh-frame-hdr] ==> ignore
    arg [-m] ==> ignore
    arg [elf_x86_64] ==> ignore
    arg [--hash-style=gnu] ==> ignore
    arg [--as-needed] ==> ignore
    arg [-export-dynamic] ==> ignore
    arg [-dynamic-linker] ==> ignore
    arg [/lib64/ld-linux-x86-64.so.2] ==> ignore
    arg [-pie] ==> ignore
    arg [-znow] ==> ignore
    arg [-zrelro] ==> ignore
    arg [-o] ==> ignore
    arg [cmTC_f4795] ==> ignore
    arg [/usr/lib/gcc/x86_64-linux-gnu/7/../../../x86_64-linux-gnu/Scrt1.o] ==> ignore
    arg [/usr/lib/gcc/x86_64-linux-gnu/7/../../../x86_64-linux-gnu/crti.o] ==> ignore
    arg [/usr/lib/gcc/x86_64-linux-gnu/7/crtbeginS.o] ==> ignore
    arg [-L/usr/lib/gcc/x86_64-linux-gnu/7] ==> dir [/usr/lib/gcc/x86_64-linux-gnu/7]
    arg [-L/usr/lib/gcc/x86_64-linux-gnu/7/../../../x86_64-linux-gnu] ==> dir [/usr/lib/gcc/x86_64-linux-gnu/7/../../../x86_64-linux-gnu]
    arg [-L/usr/lib/gcc/x86_64-linux-gnu/7/../../../../lib] ==> dir [/usr/lib/gcc/x86_64-linux-gnu/7/../../../../lib]
    arg [-L/lib/x86_64-linux-gnu] ==> dir [/lib/x86_64-linux-gnu]
    arg [-L/lib/../lib] ==> dir [/lib/../lib]
    arg [-L/usr/lib/x86_64-linux-gnu] ==> dir [/usr/lib/x86_64-linux-gnu]
    arg [-L/usr/lib/../lib] ==> dir [/usr/lib/../lib]
    arg [-L/usr/lib/gcc/x86_64-linux-gnu/7/../../..] ==> dir [/usr/lib/gcc/x86_64-linux-gnu/7/../../..]
    arg [CMakeFiles/cmTC_f4795.dir/CMakeCCompilerABI.c.o] ==> ignore
    arg [-lgcc] ==> lib [gcc]
    arg [--push-state] ==> ignore
    arg [--as-needed] ==> ignore
    arg [-lgcc_s] ==> lib [gcc_s]
    arg [--pop-state] ==> ignore
    arg [-lc] ==> lib [c]
    arg [-lgcc] ==> lib [gcc]
    arg [--push-state] ==> ignore
    arg [--as-needed] ==> ignore
    arg [-lgcc_s] ==> lib [gcc_s]
    arg [--pop-state] ==> ignore
    arg [/usr/lib/gcc/x86_64-linux-gnu/7/crtendS.o] ==> ignore
    arg [/usr/lib/gcc/x86_64-linux-gnu/7/../../../x86_64-linux-gnu/crtn.o] ==> ignore
  collapse library dir [/usr/lib/gcc/x86_64-linux-gnu/7] ==> [/usr/lib/gcc/x86_64-linux-gnu/7]
  collapse library dir [/usr/lib/gcc/x86_64-linux-gnu/7/../../../x86_64-linux-gnu] ==> [/usr/lib/x86_64-linux-gnu]
  collapse library dir [/usr/lib/gcc/x86_64-linux-gnu/7/../../../../lib] ==> [/usr/lib]
  collapse library dir [/lib/x86_64-linux-gnu] ==> [/lib/x86_64-linux-gnu]
  collapse library dir [/lib/../lib] ==> [/lib]
  collapse library dir [/usr/lib/x86_64-linux-gnu] ==> [/usr/lib/x86_64-linux-gnu]
  collapse library dir [/usr/lib/../lib] ==> [/usr/lib]
  collapse library dir [/usr/lib/gcc/x86_64-linux-gnu/7/../../..] ==> [/usr/lib]
  implicit libs: [gcc;gcc_s;c;gcc;gcc_s]
  implicit dirs: [/usr/lib/gcc/x86_64-linux-gnu/7;/usr/lib/x86_64-linux-gnu;/usr/lib;/lib/x86_64-linux-gnu;/lib]
  implicit fwks: []




Detecting C [-std=c11] compiler features compiled with the following output:
Change Dir: /home/nour/OS-Project/processManager/target/debug/build/fltk-sys-bbdbb3dbcb054813/out/build/CMakeFiles/CMakeTmp

Run Build Command:"/usr/bin/make" "cmTC_64cf9/fast"
/usr/bin/make -f CMakeFiles/cmTC_64cf9.dir/build.make CMakeFiles/cmTC_64cf9.dir/build
make[1]: Entering directory '/home/nour/OS-Project/processManager/target/debug/build/fltk-sys-bbdbb3dbcb054813/out/build/CMakeFiles/CMakeTmp'
Building C object CMakeFiles/cmTC_64cf9.dir/feature_tests.c.o
/usr/bin/cc   -ffunction-sections -fdata-sections -fPIC -m64    -std=c11 -o CMakeFiles/cmTC_64cf9.dir/feature_tests.c.o   -c /home/nour/OS-Project/processManager/target/debug/build/fltk-sys-bbdbb3dbcb054813/out/build/CMakeFiles/feature_tests.c
Linking C executable cmTC_64cf9
/usr/bin/cmake -E cmake_link_script CMakeFiles/cmTC_64cf9.dir/link.txt --verbose=1
/usr/bin/cc  -ffunction-sections -fdata-sections -fPIC -m64     -rdynamic CMakeFiles/cmTC_64cf9.dir/feature_tests.c.o  -o cmTC_64cf9 
make[1]: Leaving directory '/home/nour/OS-Project/processManager/target/debug/build/fltk-sys-bbdbb3dbcb054813/out/build/CMakeFiles/CMakeTmp'


    Feature record: C_FEATURE:1c_function_prototypes
    Feature record: C_FEATURE:1c_restrict
    Feature record: C_FEATURE:1c_static_assert
    Feature record: C_FEATURE:1c_variadic_macros


Detecting C [-std=c99] compiler features compiled with the following output:
Change Dir: /home/nour/OS-Project/processManager/target/debug/build/fltk-sys-bbdbb3dbcb054813/out/build/CMakeFiles/CMakeTmp

Run Build Command:"/usr/bin/make" "cmTC_2b81e/fast"
/usr/bin/make -f CMakeFiles/cmTC_2b81e.dir/build.make CMakeFiles/cmTC_2b81e.dir/build
make[1]: Entering directory '/home/nour/OS-Project/processManager/target/debug/build/fltk-sys-bbdbb3dbcb054813/out/build/CMakeFiles/CMakeTmp'
Building C object CMakeFiles/cmTC_2b81e.dir/feature_tests.c.o
/usr/bin/cc   -ffunction-sections -fdata-sections -fPIC -m64    -std=c99 -o CMakeFiles/cmTC_2b81e.dir/feature_tests.c.o   -c /home/nour/OS-Project/processManager/target/debug/build/fltk-sys-bbdbb3dbcb054813/out/build/CMakeFiles/feature_tests.c
Linking C executable cmTC_2b81e
/usr/bin/cmake -E cmake_link_script CMakeFiles/cmTC_2b81e.dir/link.txt --verbose=1
/usr/bin/cc  -ffunction-sections -fdata-sections -fPIC -m64     -rdynamic CMakeFiles/cmTC_2b81e.dir/feature_tests.c.o  -o cmTC_2b81e 
make[1]: Leaving directory '/home/nour/OS-Project/processManager/target/debug/build/fltk-sys-bbdbb3dbcb054813/out/build/CMakeFiles/CMakeTmp'


    Feature record: C_FEATURE:1c_function_prototypes
    Feature record: C_FEATURE:1c_restrict
    Feature record: C_FEATURE:0c_static_assert
    Feature record: C_FEATURE:1c_variadic_macros


Detecting C [-std=c90] compiler features compiled with the following output:
Change Dir: /home/nour/OS-Project/processManager/target/debug/build/fltk-sys-bbdbb3dbcb054813/out/build/CMakeFiles/CMakeTmp

Run Build Command:"/usr/bin/make" "cmTC_451e6/fast"
/usr/bin/make -f CMakeFiles/cmTC_451e6.dir/build.make CMakeFiles/cmTC_451e6.dir/build
make[1]: Entering directory '/home/nour/OS-Project/processManager/target/debug/build/fltk-sys-bbdbb3dbcb054813/out/build/CMakeFiles/CMakeTmp'
Building C object CMakeFiles/cmTC_451e6.dir/feature_tests.c.o
/usr/bin/cc   -ffunction-sections -fdata-sections -fPIC -m64    -std=c90 -o CMakeFiles/cmTC_451e6.dir/feature_tests.c.o   -c /home/nour/OS-Project/processManager/target/debug/build/fltk-sys-bbdbb3dbcb054813/out/build/CMakeFiles/feature_tests.c
Linking C executable cmTC_451e6
/usr/bin/cmake -E cmake_link_script CMakeFiles/cmTC_451e6.dir/link.txt --verbose=1
/usr/bin/cc  -ffunction-sections -fdata-sections -fPIC -m64     -rdynamic CMakeFiles/cmTC_451e6.dir/feature_tests.c.o  -o cmTC_451e6 
make[1]: Leaving directory '/home/nour/OS-Project/processManager/target/debug/build/fltk-sys-bbdbb3dbcb054813/out/build/CMakeFiles/CMakeTmp'


    Feature record: C_FEATURE:1c_function_prototypes
    Feature record: C_FEATURE:0c_restrict
    Feature record: C_FEATURE:0c_static_assert
    Feature record: C_FEATURE:0c_variadic_macros
Determining if the CXX compiler works passed with the following output:
Change Dir: /home/nour/OS-Project/processManager/target/debug/build/fltk-sys-bbdbb3dbcb054813/out/build/CMakeFiles/CMakeTmp

Run Build Command:"/usr/bin/make" "cmTC_1cefa/fast"
/usr/bin/make -f CMakeFiles/cmTC_1cefa.dir/build.make CMakeFiles/cmTC_1cefa.dir/build
make[1]: Entering directory '/home/nour/OS-Project/processManager/target/debug/build/fltk-sys-bbdbb3dbcb054813/out/build/CMakeFiles/CMakeTmp'
Building CXX object CMakeFiles/cmTC_1cefa.dir/testCXXCompiler.cxx.o
/usr/bin/c++    -ffunction-sections -fdata-sections -fPIC -m64    -o CMakeFiles/cmTC_1cefa.dir/testCXXCompiler.cxx.o -c /home/nour/OS-Project/processManager/target/debug/build/fltk-sys-bbdbb3dbcb054813/out/build/CMakeFiles/CMakeTmp/testCXXCompiler.cxx
Linking CXX executable cmTC_1cefa
/usr/bin/cmake -E cmake_link_script CMakeFiles/cmTC_1cefa.dir/link.txt --verbose=1
/usr/bin/c++   -ffunction-sections -fdata-sections -fPIC -m64     -rdynamic CMakeFiles/cmTC_1cefa.dir/testCXXCompiler.cxx.o  -o cmTC_1cefa 
make[1]: Leaving directory '/home/nour/OS-Project/processManager/target/debug/build/fltk-sys-bbdbb3dbcb054813/out/build/CMakeFiles/CMakeTmp'


Detecting CXX compiler ABI info compiled with the following output:
Change Dir: /home/nour/OS-Project/processManager/target/debug/build/fltk-sys-bbdbb3dbcb054813/out/build/CMakeFiles/CMakeTmp

Run Build Command:"/usr/bin/make" "cmTC_5b5d8/fast"
/usr/bin/make -f CMakeFiles/cmTC_5b5d8.dir/build.make CMakeFiles/cmTC_5b5d8.dir/build
make[1]: Entering directory '/home/nour/OS-Project/processManager/target/debug/build/fltk-sys-bbdbb3dbcb054813/out/build/CMakeFiles/CMakeTmp'
Building CXX object CMakeFiles/cmTC_5b5d8.dir/CMakeCXXCompilerABI.cpp.o
/usr/bin/c++    -ffunction-sections -fdata-sections -fPIC -m64    -o CMakeFiles/cmTC_5b5d8.dir/CMakeCXXCompilerABI.cpp.o -c /usr/share/cmake-3.10/Modules/CMakeCXXCompilerABI.cpp
Linking CXX executable cmTC_5b5d8
/usr/bin/cmake -E cmake_link_script CMakeFiles/cmTC_5b5d8.dir/link.txt --verbose=1
/usr/bin/c++   -ffunction-sections -fdata-sections -fPIC -m64    -v -rdynamic CMakeFiles/cmTC_5b5d8.dir/CMakeCXXCompilerABI.cpp.o  -o cmTC_5b5d8 
Using built-in specs.
COLLECT_GCC=/usr/bin/c++
COLLECT_LTO_WRAPPER=/usr/lib/gcc/x86_64-linux-gnu/7/lto-wrapper
OFFLOAD_TARGET_NAMES=nvptx-none
OFFLOAD_TARGET_DEFAULT=1
Target: x86_64-linux-gnu
Configured with: ../src/configure -v --with-pkgversion='Ubuntu 7.5.0-3ubuntu1~18.04' --with-bugurl=file:///usr/share/doc/gcc-7/README.Bugs --enable-languages=c,ada,c++,go,brig,d,fortran,objc,obj-c++ --prefix=/usr --with-gcc-major-version-only --program-suffix=-7 --program-prefix=x86_64-linux-gnu- --enable-shared --enable-linker-build-id --libexecdir=/usr/lib --without-included-gettext --enable-threads=posix --libdir=/usr/lib --enable-nls --enable-bootstrap --enable-clocale=gnu --enable-libstdcxx-debug --enable-libstdcxx-time=yes --with-default-libstdcxx-abi=new --enable-gnu-unique-object --disable-vtable-verify --enable-libmpx --enable-plugin --enable-default-pie --with-system-zlib --with-target-system-zlib --enable-objc-gc=auto --enable-multiarch --disable-werror --with-arch-32=i686 --with-abi=m64 --with-multilib-list=m32,m64,mx32 --enable-multilib --with-tune=generic --enable-offload-targets=nvptx-none --without-cuda-driver --enable-checking=release --build=x86_64-linux-gnu --host=x86_64-linux-gnu --target=x86_64-linux-gnu
Thread model: posix
gcc version 7.5.0 (Ubuntu 7.5.0-3ubuntu1~18.04) 
COMPILER_PATH=/usr/lib/gcc/x86_64-linux-gnu/7/:/usr/lib/gcc/x86_64-linux-gnu/7/:/usr/lib/gcc/x86_64-linux-gnu/:/usr/lib/gcc/x86_64-linux-gnu/7/:/usr/lib/gcc/x86_64-linux-gnu/
LIBRARY_PATH=/usr/lib/gcc/x86_64-linux-gnu/7/:/usr/lib/gcc/x86_64-linux-gnu/7/../../../x86_64-linux-gnu/:/usr/lib/gcc/x86_64-linux-gnu/7/../../../../lib/:/lib/x86_64-linux-gnu/:/lib/../lib/:/usr/lib/x86_64-linux-gnu/:/usr/lib/../lib/:/usr/lib/gcc/x86_64-linux-gnu/7/../../../:/lib/:/usr/lib/
COLLECT_GCC_OPTIONS='-ffunction-sections' '-fdata-sections' '-fPIC' '-m64' '-v' '-rdynamic' '-o' 'cmTC_5b5d8' '-shared-libgcc' '-mtune=generic' '-march=x86-64'
 /usr/lib/gcc/x86_64-linux-gnu/7/collect2 -plugin /usr/lib/gcc/x86_64-linux-gnu/7/liblto_plugin.so -plugin-opt=/usr/lib/gcc/x86_64-linux-gnu/7/lto-wrapper -plugin-opt=-fresolution=/tmp/ccY99LDl.res -plugin-opt=-pass-through=-lgcc_s -plugin-opt=-pass-through=-lgcc -plugin-opt=-pass-through=-lc -plugin-opt=-pass-through=-lgcc_s -plugin-opt=-pass-through=-lgcc --build-id --eh-frame-hdr -m elf_x86_64 --hash-style=gnu --as-needed -export-dynamic -dynamic-linker /lib64/ld-linux-x86-64.so.2 -pie -z now -z relro -o cmTC_5b5d8 /usr/lib/gcc/x86_64-linux-gnu/7/../../../x86_64-linux-gnu/Scrt1.o /usr/lib/gcc/x86_64-linux-gnu/7/../../../x86_64-linux-gnu/crti.o /usr/lib/gcc/x86_64-linux-gnu/7/crtbeginS.o -L/usr/lib/gcc/x86_64-linux-gnu/7 -L/usr/lib/gcc/x86_64-linux-gnu/7/../../../x86_64-linux-gnu -L/usr/lib/gcc/x86_64-linux-gnu/7/../../../../lib -L/lib/x86_64-linux-gnu -L/lib/../lib -L/usr/lib/x86_64-linux-gnu -L/usr/lib/../lib -L/usr/lib/gcc/x86_64-linux-gnu/7/../../.. CMakeFiles/cmTC_5b5d8.dir/CMakeCXXCompilerABI.cpp.o -lstdc++ -lm -lgcc_s -lgcc -lc -lgcc_s -lgcc /usr/lib/gcc/x86_64-linux-gnu/7/crtendS.o /usr/lib/gcc/x86_64-linux-gnu/7/../../../x86_64-linux-gnu/crtn.o
COLLECT_GCC_OPTIONS='-ffunction-sections' '-fdata-sections' '-fPIC' '-m64' '-v' '-rdynamic' '-o' 'cmTC_5b5d8' '-shared-libgcc' '-mtune=generic' '-march=x86-64'
make[1]: Leaving directory '/home/nour/OS-Project/processManager/target/debug/build/fltk-sys-bbdbb3dbcb054813/out/build/CMakeFiles/CMakeTmp'


Parsed CXX implicit link information from above output:
  link line regex: [^( *|.*[/\])(ld|CMAKE_LINK_STARTFILE-NOTFOUND|([^/\]+-)?ld|collect2)[^/\]*( |$)]
  ignore line: [Change Dir: /home/nour/OS-Project/processManager/target/debug/build/fltk-sys-bbdbb3dbcb054813/out/build/CMakeFiles/CMakeTmp]
  ignore line: []
  ignore line: [Run Build Command:"/usr/bin/make" "cmTC_5b5d8/fast"]
  ignore line: [/usr/bin/make -f CMakeFiles/cmTC_5b5d8.dir/build.make CMakeFiles/cmTC_5b5d8.dir/build]
  ignore line: [make[1]: Entering directory '/home/nour/OS-Project/processManager/target/debug/build/fltk-sys-bbdbb3dbcb054813/out/build/CMakeFiles/CMakeTmp']
  ignore line: [Building CXX object CMakeFiles/cmTC_5b5d8.dir/CMakeCXXCompilerABI.cpp.o]
  ignore line: [/usr/bin/c++    -ffunction-sections -fdata-sections -fPIC -m64    -o CMakeFiles/cmTC_5b5d8.dir/CMakeCXXCompilerABI.cpp.o -c /usr/share/cmake-3.10/Modules/CMakeCXXCompilerABI.cpp]
  ignore line: [Linking CXX executable cmTC_5b5d8]
  ignore line: [/usr/bin/cmake -E cmake_link_script CMakeFiles/cmTC_5b5d8.dir/link.txt --verbose=1]
  ignore line: [/usr/bin/c++   -ffunction-sections -fdata-sections -fPIC -m64    -v -rdynamic CMakeFiles/cmTC_5b5d8.dir/CMakeCXXCompilerABI.cpp.o  -o cmTC_5b5d8 ]
  ignore line: [Using built-in specs.]
  ignore line: [COLLECT_GCC=/usr/bin/c++]
  ignore line: [COLLECT_LTO_WRAPPER=/usr/lib/gcc/x86_64-linux-gnu/7/lto-wrapper]
  ignore line: [OFFLOAD_TARGET_NAMES=nvptx-none]
  ignore line: [OFFLOAD_TARGET_DEFAULT=1]
  ignore line: [Target: x86_64-linux-gnu]
  ignore line: [Configured with: ../src/configure -v --with-pkgversion='Ubuntu 7.5.0-3ubuntu1~18.04' --with-bugurl=file:///usr/share/doc/gcc-7/README.Bugs --enable-languages=c,ada,c++,go,brig,d,fortran,objc,obj-c++ --prefix=/usr --with-gcc-major-version-only --program-suffix=-7 --program-prefix=x86_64-linux-gnu- --enable-shared --enable-linker-build-id --libexecdir=/usr/lib --without-included-gettext --enable-threads=posix --libdir=/usr/lib --enable-nls --enable-bootstrap --enable-clocale=gnu --enable-libstdcxx-debug --enable-libstdcxx-time=yes --with-default-libstdcxx-abi=new --enable-gnu-unique-object --disable-vtable-verify --enable-libmpx --enable-plugin --enable-default-pie --with-system-zlib --with-target-system-zlib --enable-objc-gc=auto --enable-multiarch --disable-werror --with-arch-32=i686 --with-abi=m64 --with-multilib-list=m32,m64,mx32 --enable-multilib --with-tune=generic --enable-offload-targets=nvptx-none --without-cuda-driver --enable-checking=release --build=x86_64-linux-gnu --host=x86_64-linux-gnu --target=x86_64-linux-gnu]
  ignore line: [Thread model: posix]
  ignore line: [gcc version 7.5.0 (Ubuntu 7.5.0-3ubuntu1~18.04) ]
  ignore line: [COMPILER_PATH=/usr/lib/gcc/x86_64-linux-gnu/7/:/usr/lib/gcc/x86_64-linux-gnu/7/:/usr/lib/gcc/x86_64-linux-gnu/:/usr/lib/gcc/x86_64-linux-gnu/7/:/usr/lib/gcc/x86_64-linux-gnu/]
  ignore line: [LIBRARY_PATH=/usr/lib/gcc/x86_64-linux-gnu/7/:/usr/lib/gcc/x86_64-linux-gnu/7/../../../x86_64-linux-gnu/:/usr/lib/gcc/x86_64-linux-gnu/7/../../../../lib/:/lib/x86_64-linux-gnu/:/lib/../lib/:/usr/lib/x86_64-linux-gnu/:/usr/lib/../lib/:/usr/lib/gcc/x86_64-linux-gnu/7/../../../:/lib/:/usr/lib/]
  ignore line: [COLLECT_GCC_OPTIONS='-ffunction-sections' '-fdata-sections' '-fPIC' '-m64' '-v' '-rdynamic' '-o' 'cmTC_5b5d8' '-shared-libgcc' '-mtune=generic' '-march=x86-64']
  link line: [ /usr/lib/gcc/x86_64-linux-gnu/7/collect2 -plugin /usr/lib/gcc/x86_64-linux-gnu/7/liblto_plugin.so -plugin-opt=/usr/lib/gcc/x86_64-linux-gnu/7/lto-wrapper -plugin-opt=-fresolution=/tmp/ccY99LDl.res -plugin-opt=-pass-through=-lgcc_s -plugin-opt=-pass-through=-lgcc -plugin-opt=-pass-through=-lc -plugin-opt=-pass-through=-lgcc_s -plugin-opt=-pass-through=-lgcc --build-id --eh-frame-hdr -m elf_x86_64 --hash-style=gnu --as-needed -export-dynamic -dynamic-linker /lib64/ld-linux-x86-64.so.2 -pie -z now -z relro -o cmTC_5b5d8 /usr/lib/gcc/x86_64-linux-gnu/7/../../../x86_64-linux-gnu/Scrt1.o /usr/lib/gcc/x86_64-linux-gnu/7/../../../x86_64-linux-gnu/crti.o /usr/lib/gcc/x86_64-linux-gnu/7/crtbeginS.o -L/usr/lib/gcc/x86_64-linux-gnu/7 -L/usr/lib/gcc/x86_64-linux-gnu/7/../../../x86_64-linux-gnu -L/usr/lib/gcc/x86_64-linux-gnu/7/../../../../lib -L/lib/x86_64-linux-gnu -L/lib/../lib -L/usr/lib/x86_64-linux-gnu -L/usr/lib/../lib -L/usr/lib/gcc/x86_64-linux-gnu/7/../../.. CMakeFiles/cmTC_5b5d8.dir/CMakeCXXCompilerABI.cpp.o -lstdc++ -lm -lgcc_s -lgcc -lc -lgcc_s -lgcc /usr/lib/gcc/x86_64-linux-gnu/7/crtendS.o /usr/lib/gcc/x86_64-linux-gnu/7/../../../x86_64-linux-gnu/crtn.o]
    arg [/usr/lib/gcc/x86_64-linux-gnu/7/collect2] ==> ignore
    arg [-plugin] ==> ignore
    arg [/usr/lib/gcc/x86_64-linux-gnu/7/liblto_plugin.so] ==> ignore
    arg [-plugin-opt=/usr/lib/gcc/x86_64-linux-gnu/7/lto-wrapper] ==> ignore
    arg [-plugin-opt=-fresolution=/tmp/ccY99LDl.res] ==> ignore
    arg [-plugin-opt=-pass-through=-lgcc_s] ==> ignore
    arg [-plugin-opt=-pass-through=-lgcc] ==> ignore
    arg [-plugin-opt=-pass-through=-lc] ==> ignore
    arg [-plugin-opt=-pass-through=-lgcc_s] ==> ignore
    arg [-plugin-opt=-pass-through=-lgcc] ==> ignore
    arg [--build-id] ==> ignore
    arg [--eh-frame-hdr] ==> ignore
    arg [-m] ==> ignore
    arg [elf_x86_64] ==> ignore
    arg [--hash-style=gnu] ==> ignore
    arg [--as-needed] ==> ignore
    arg [-export-dynamic] ==> ignore
    arg [-dynamic-linker] ==> ignore
    arg [/lib64/ld-linux-x86-64.so.2] ==> ignore
    arg [-pie] ==> ignore
    arg [-znow] ==> ignore
    arg [-zrelro] ==> ignore
    arg [-o] ==> ignore
    arg [cmTC_5b5d8] ==> ignore
    arg [/usr/lib/gcc/x86_64-linux-gnu/7/../../../x86_64-linux-gnu/Scrt1.o] ==> ignore
    arg [/usr/lib/gcc/x86_64-linux-gnu/7/../../../x86_64-linux-gnu/crti.o] ==> ignore
    arg [/usr/lib/gcc/x86_64-linux-gnu/7/crtbeginS.o] ==> ignore
    arg [-L/usr/lib/gcc/x86_64-linux-gnu/7] ==> dir [/usr/lib/gcc/x86_64-linux-gnu/7]
    arg [-L/usr/lib/gcc/x86_64-linux-gnu/7/../../../x86_64-linux-gnu] ==> dir [/usr/lib/gcc/x86_64-linux-gnu/7/../../../x86_64-linux-gnu]
    arg [-L/usr/lib/gcc/x86_64-linux-gnu/7/../../../../lib] ==> dir [/usr/lib/gcc/x86_64-linux-gnu/7/../../../../lib]
    arg [-L/lib/x86_64-linux-gnu] ==> dir [/lib/x86_64-linux-gnu]
    arg [-L/lib/../lib] ==> dir [/lib/../lib]
    arg [-L/usr/lib/x86_64-linux-gnu] ==> dir [/usr/lib/x86_64-linux-gnu]
    arg [-L/usr/lib/../lib] ==> dir [/usr/lib/../lib]
    arg [-L/usr/lib/gcc/x86_64-linux-gnu/7/../../..] ==> dir [/usr/lib/gcc/x86_64-linux-gnu/7/../../..]
    arg [CMakeFiles/cmTC_5b5d8.dir/CMakeCXXCompilerABI.cpp.o] ==> ignore
    arg [-lstdc++] ==> lib [stdc++]
    arg [-lm] ==> lib [m]
    arg [-lgcc_s] ==> lib [gcc_s]
    arg [-lgcc] ==> lib [gcc]
    arg [-lc] ==> lib [c]
    arg [-lgcc_s] ==> lib [gcc_s]
    arg [-lgcc] ==> lib [gcc]
    arg [/usr/lib/gcc/x86_64-linux-gnu/7/crtendS.o] ==> ignore
    arg [/usr/lib/gcc/x86_64-linux-gnu/7/../../../x86_64-linux-gnu/crtn.o] ==> ignore
  collapse library dir [/usr/lib/gcc/x86_64-linux-gnu/7] ==> [/usr/lib/gcc/x86_64-linux-gnu/7]
  collapse library dir [/usr/lib/gcc/x86_64-linux-gnu/7/../../../x86_64-linux-gnu] ==> [/usr/lib/x86_64-linux-gnu]
  collapse library dir [/usr/lib/gcc/x86_64-linux-gnu/7/../../../../lib] ==> [/usr/lib]
  collapse library dir [/lib/x86_64-linux-gnu] ==> [/lib/x86_64-linux-gnu]
  collapse library dir [/lib/../lib] ==> [/lib]
  collapse library dir [/usr/lib/x86_64-linux-gnu] ==> [/usr/lib/x86_64-linux-gnu]
  collapse library dir [/usr/lib/../lib] ==> [/usr/lib]
  collapse library dir [/usr/lib/gcc/x86_64-linux-gnu/7/../../..] ==> [/usr/lib]
  implicit libs: [stdc++;m;gcc_s;gcc;c;gcc_s;gcc]
  implicit dirs: [/usr/lib/gcc/x86_64-linux-gnu/7;/usr/lib/x86_64-linux-gnu;/usr/lib;/lib/x86_64-linux-gnu;/lib]
  implicit fwks: []




Detecting CXX [-std=c++1z] compiler features compiled with the following output:
Change Dir: /home/nour/OS-Project/processManager/target/debug/build/fltk-sys-bbdbb3dbcb054813/out/build/CMakeFiles/CMakeTmp

Run Build Command:"/usr/bin/make" "cmTC_05db1/fast"
/usr/bin/make -f CMakeFiles/cmTC_05db1.dir/build.make CMakeFiles/cmTC_05db1.dir/build
make[1]: Entering directory '/home/nour/OS-Project/processManager/target/debug/build/fltk-sys-bbdbb3dbcb054813/out/build/CMakeFiles/CMakeTmp'
Building CXX object CMakeFiles/cmTC_05db1.dir/feature_tests.cxx.o
/usr/bin/c++    -ffunction-sections -fdata-sections -fPIC -m64    -std=c++1z -o CMakeFiles/cmTC_05db1.dir/feature_tests.cxx.o -c /home/nour/OS-Project/processManager/target/debug/build/fltk-sys-bbdbb3dbcb054813/out/build/CMakeFiles/feature_tests.cxx
Linking CXX executable cmTC_05db1
/usr/bin/cmake -E cmake_link_script CMakeFiles/cmTC_05db1.dir/link.txt --verbose=1
/usr/bin/c++   -ffunction-sections -fdata-sections -fPIC -m64     -rdynamic CMakeFiles/cmTC_05db1.dir/feature_tests.cxx.o  -o cmTC_05db1 
make[1]: Leaving directory '/home/nour/OS-Project/processManager/target/debug/build/fltk-sys-bbdbb3dbcb054813/out/build/CMakeFiles/CMakeTmp'


    Feature record: CXX_FEATURE:1cxx_aggregate_default_initializers
    Feature record: CXX_FEATURE:1cxx_alias_templates
    Feature record: CXX_FEATURE:1cxx_alignas
    Feature record: CXX_FEATURE:1cxx_alignof
    Feature record: CXX_FEATURE:1cxx_attributes
    Feature record: CXX_FEATURE:1cxx_attribute_deprecated
    Feature record: CXX_FEATURE:1cxx_auto_type
    Feature record: CXX_FEATURE:1cxx_binary_literals
    Feature record: CXX_FEATURE:1cxx_constexpr
    Feature record: CXX_FEATURE:1cxx_contextual_conversions
    Feature record: CXX_FEATURE:1cxx_decltype
    Feature record: CXX_FEATURE:1cxx_decltype_auto
    Feature record: CXX_FEATURE:1cxx_decltype_incomplete_return_types
    Feature record: CXX_FEATURE:1cxx_default_function_template_args
    Feature record: CXX_FEATURE:1cxx_defaulted_functions
    Feature record: CXX_FEATURE:1cxx_defaulted_move_initializers
    Feature record: CXX_FEATURE:1cxx_delegating_constructors
    Feature record: CXX_FEATURE:1cxx_deleted_functions
    Feature record: CXX_FEATURE:1cxx_digit_separators
    Feature record: CXX_FEATURE:1cxx_enum_forward_declarations
    Feature record: CXX_FEATURE:1cxx_explicit_conversions
    Feature record: CXX_FEATURE:1cxx_extended_friend_declarations
    Feature record: CXX_FEATURE:1cxx_extern_templates
    Feature record: CXX_FEATURE:1cxx_final
    Feature record: CXX_FEATURE:1cxx_func_identifier
    Feature record: CXX_FEATURE:1cxx_generalized_initializers
    Feature record: CXX_FEATURE:1cxx_generic_lambdas
    Feature record: CXX_FEATURE:1cxx_inheriting_constructors
    Feature record: CXX_FEATURE:1cxx_inline_namespaces
    Feature record: CXX_FEATURE:1cxx_lambdas
    Feature record: CXX_FEATURE:1cxx_lambda_init_captures
    Feature record: CXX_FEATURE:1cxx_local_type_template_args
    Feature record: CXX_FEATURE:1cxx_long_long_type
    Feature record: CXX_FEATURE:1cxx_noexcept
    Feature record: CXX_FEATURE:1cxx_nonstatic_member_init
    Feature record: CXX_FEATURE:1cxx_nullptr
    Feature record: CXX_FEATURE:1cxx_override
    Feature record: CXX_FEATURE:1cxx_range_for
    Feature record: CXX_FEATURE:1cxx_raw_string_literals
    Feature record: CXX_FEATURE:1cxx_reference_qualified_functions
    Feature record: CXX_FEATURE:1cxx_relaxed_constexpr
    Feature record: CXX_FEATURE:1cxx_return_type_deduction
    Feature record: CXX_FEATURE:1cxx_right_angle_brackets
    Feature record: CXX_FEATURE:1cxx_rvalue_references
    Feature record: CXX_FEATURE:1cxx_sizeof_member
    Feature record: CXX_FEATURE:1cxx_static_assert
    Feature record: CXX_FEATURE:1cxx_strong_enums
    Feature record: CXX_FEATURE:1cxx_template_template_parameters
    Feature record: CXX_FEATURE:1cxx_thread_local
    Feature record: CXX_FEATURE:1cxx_trailing_return_types
    Feature record: CXX_FEATURE:1cxx_unicode_literals
    Feature record: CXX_FEATURE:1cxx_uniform_initialization
    Feature record: CXX_FEATURE:1cxx_unrestricted_unions
    Feature record: CXX_FEATURE:1cxx_user_literals
    Feature record: CXX_FEATURE:1cxx_variable_templates
    Feature record: CXX_FEATURE:1cxx_variadic_macros
    Feature record: CXX_FEATURE:1cxx_variadic_templates


Detecting CXX [-std=c++14] compiler features compiled with the following output:
Change Dir: /home/nour/OS-Project/processManager/target/debug/build/fltk-sys-bbdbb3dbcb054813/out/build/CMakeFiles/CMakeTmp

Run Build Command:"/usr/bin/make" "cmTC_b8ac6/fast"
/usr/bin/make -f CMakeFiles/cmTC_b8ac6.dir/build.make CMakeFiles/cmTC_b8ac6.dir/build
make[1]: Entering directory '/home/nour/OS-Project/processManager/target/debug/build/fltk-sys-bbdbb3dbcb054813/out/build/CMakeFiles/CMakeTmp'
Building CXX object CMakeFiles/cmTC_b8ac6.dir/feature_tests.cxx.o
/usr/bin/c++    -ffunction-sections -fdata-sections -fPIC -m64    -std=c++14 -o CMakeFiles/cmTC_b8ac6.dir/feature_tests.cxx.o -c /home/nour/OS-Project/processManager/target/debug/build/fltk-sys-bbdbb3dbcb054813/out/build/CMakeFiles/feature_tests.cxx
Linking CXX executable cmTC_b8ac6
/usr/bin/cmake -E cmake_link_script CMakeFiles/cmTC_b8ac6.dir/link.txt --verbose=1
/usr/bin/c++   -ffunction-sections -fdata-sections -fPIC -m64     -rdynamic CMakeFiles/cmTC_b8ac6.dir/feature_tests.cxx.o  -o cmTC_b8ac6 
make[1]: Leaving directory '/home/nour/OS-Project/processManager/target/debug/build/fltk-sys-bbdbb3dbcb054813/out/build/CMakeFiles/CMakeTmp'


    Feature record: CXX_FEATURE:1cxx_aggregate_default_initializers
    Feature record: CXX_FEATURE:1cxx_alias_templates
    Feature record: CXX_FEATURE:1cxx_alignas
    Feature record: CXX_FEATURE:1cxx_alignof
    Feature record: CXX_FEATURE:1cxx_attributes
    Feature record: CXX_FEATURE:1cxx_attribute_deprecated
    Feature record: CXX_FEATURE:1cxx_auto_type
    Feature record: CXX_FEATURE:1cxx_binary_literals
    Feature record: CXX_FEATURE:1cxx_constexpr
    Feature record: CXX_FEATURE:1cxx_contextual_conversions
    Feature record: CXX_FEATURE:1cxx_decltype
    Feature record: CXX_FEATURE:1cxx_decltype_auto
    Feature record: CXX_FEATURE:1cxx_decltype_incomplete_return_types
    Feature record: CXX_FEATURE:1cxx_default_function_template_args
    Feature record: CXX_FEATURE:1cxx_defaulted_functions
    Feature record: CXX_FEATURE:1cxx_defaulted_move_initializers
    Feature record: CXX_FEATURE:1cxx_delegating_constructors
    Feature record: CXX_FEATURE:1cxx_deleted_functions
    Feature record: CXX_FEATURE:1cxx_digit_separators
    Feature record: CXX_FEATURE:1cxx_enum_forward_declarations
    Feature record: CXX_FEATURE:1cxx_explicit_conversions
    Feature record: CXX_FEATURE:1cxx_extended_friend_declarations
    Feature record: CXX_FEATURE:1cxx_extern_templates
    Feature record: CXX_FEATURE:1cxx_final
    Feature record: CXX_FEATURE:1cxx_func_identifier
    Feature record: CXX_FEATURE:1cxx_generalized_initializers
    Feature record: CXX_FEATURE:1cxx_generic_lambdas
    Feature record: CXX_FEATURE:1cxx_inheriting_constructors
    Feature record: CXX_FEATURE:1cxx_inline_namespaces
    Feature record: CXX_FEATURE:1cxx_lambdas
    Feature record: CXX_FEATURE:1cxx_lambda_init_captures
    Feature record: CXX_FEATURE:1cxx_local_type_template_args
    Feature record: CXX_FEATURE:1cxx_long_long_type
    Feature record: CXX_FEATURE:1cxx_noexcept
    Feature record: CXX_FEATURE:1cxx_nonstatic_member_init
    Feature record: CXX_FEATURE:1cxx_nullptr
    Feature record: CXX_FEATURE:1cxx_override
    Feature record: CXX_FEATURE:1cxx_range_for
    Feature record: CXX_FEATURE:1cxx_raw_string_literals
    Feature record: CXX_FEATURE:1cxx_reference_qualified_functions
    Feature record: CXX_FEATURE:1cxx_relaxed_constexpr
    Feature record: CXX_FEATURE:1cxx_return_type_deduction
    Feature record: CXX_FEATURE:1cxx_right_angle_brackets
    Feature record: CXX_FEATURE:1cxx_rvalue_references
    Feature record: CXX_FEATURE:1cxx_sizeof_member
    Feature record: CXX_FEATURE:1cxx_static_assert
    Feature record: CXX_FEATURE:1cxx_strong_enums
    Feature record: CXX_FEATURE:1cxx_template_template_parameters
    Feature record: CXX_FEATURE:1cxx_thread_local
    Feature record: CXX_FEATURE:1cxx_trailing_return_types
    Feature record: CXX_FEATURE:1cxx_unicode_literals
    Feature record: CXX_FEATURE:1cxx_uniform_initialization
    Feature record: CXX_FEATURE:1cxx_unrestricted_unions
    Feature record: CXX_FEATURE:1cxx_user_literals
    Feature record: CXX_FEATURE:1cxx_variable_templates
    Feature record: CXX_FEATURE:1cxx_variadic_macros
    Feature record: CXX_FEATURE:1cxx_variadic_templates


Detecting CXX [-std=c++11] compiler features compiled with the following output:
Change Dir: /home/nour/OS-Project/processManager/target/debug/build/fltk-sys-bbdbb3dbcb054813/out/build/CMakeFiles/CMakeTmp

Run Build Command:"/usr/bin/make" "cmTC_63891/fast"
/usr/bin/make -f CMakeFiles/cmTC_63891.dir/build.make CMakeFiles/cmTC_63891.dir/build
make[1]: Entering directory '/home/nour/OS-Project/processManager/target/debug/build/fltk-sys-bbdbb3dbcb054813/out/build/CMakeFiles/CMakeTmp'
Building CXX object CMakeFiles/cmTC_63891.dir/feature_tests.cxx.o
/usr/bin/c++    -ffunction-sections -fdata-sections -fPIC -m64    -std=c++11 -o CMakeFiles/cmTC_63891.dir/feature_tests.cxx.o -c /home/nour/OS-Project/processManager/target/debug/build/fltk-sys-bbdbb3dbcb054813/out/build/CMakeFiles/feature_tests.cxx
Linking CXX executable cmTC_63891
/usr/bin/cmake -E cmake_link_script CMakeFiles/cmTC_63891.dir/link.txt --verbose=1
/usr/bin/c++   -ffunction-sections -fdata-sections -fPIC -m64     -rdynamic CMakeFiles/cmTC_63891.dir/feature_tests.cxx.o  -o cmTC_63891 
make[1]: Leaving directory '/home/nour/OS-Project/processManager/target/debug/build/fltk-sys-bbdbb3dbcb054813/out/build/CMakeFiles/CMakeTmp'


    Feature record: CXX_FEATURE:0cxx_aggregate_default_initializers
    Feature record: CXX_FEATURE:1cxx_alias_templates
    Feature record: CXX_FEATURE:1cxx_alignas
    Feature record: CXX_FEATURE:1cxx_alignof
    Feature record: CXX_FEATURE:1cxx_attributes
    Feature record: CXX_FEATURE:0cxx_attribute_deprecated
    Feature record: CXX_FEATURE:1cxx_auto_type
    Feature record: CXX_FEATURE:0cxx_binary_literals
    Feature record: CXX_FEATURE:1cxx_constexpr
    Feature record: CXX_FEATURE:0cxx_contextual_conversions
    Feature record: CXX_FEATURE:1cxx_decltype
    Feature record: CXX_FEATURE:0cxx_decltype_auto
    Feature record: CXX_FEATURE:1cxx_decltype_incomplete_return_types
    Feature record: CXX_FEATURE:1cxx_default_function_template_args
    Feature record: CXX_FEATURE:1cxx_defaulted_functions
    Feature record: CXX_FEATURE:1cxx_defaulted_move_initializers
    Feature record: CXX_FEATURE:1cxx_delegating_constructors
    Feature record: CXX_FEATURE:1cxx_deleted_functions
    Feature record: CXX_FEATURE:0cxx_digit_separators
    Feature record: CXX_FEATURE:1cxx_enum_forward_declarations
    Feature record: CXX_FEATURE:1cxx_explicit_conversions
    Feature record: CXX_FEATURE:1cxx_extended_friend_declarations
    Feature record: CXX_FEATURE:1cxx_extern_templates
    Feature record: CXX_FEATURE:1cxx_final
    Feature record: CXX_FEATURE:1cxx_func_identifier
    Feature record: CXX_FEATURE:1cxx_generalized_initializers
    Feature record: CXX_FEATURE:0cxx_generic_lambdas
    Feature record: CXX_FEATURE:1cxx_inheriting_constructors
    Feature record: CXX_FEATURE:1cxx_inline_namespaces
    Feature record: CXX_FEATURE:1cxx_lambdas
    Feature record: CXX_FEATURE:0cxx_lambda_init_captures
    Feature record: CXX_FEATURE:1cxx_local_type_template_args
    Feature record: CXX_FEATURE:1cxx_long_long_type
    Feature record: CXX_FEATURE:1cxx_noexcept
    Feature record: CXX_FEATURE:1cxx_nonstatic_member_init
    Feature record: CXX_FEATURE:1cxx_nullptr
    Feature record: CXX_FEATURE:1cxx_override
    Feature record: CXX_FEATURE:1cxx_range_for
    Feature record: CXX_FEATURE:1cxx_raw_string_literals
    Feature record: CXX_FEATURE:1cxx_reference_qualified_functions
    Feature record: CXX_FEATURE:0cxx_relaxed_constexpr
    Feature record: CXX_FEATURE:0cxx_return_type_deduction
    Feature record: CXX_FEATURE:1cxx_right_angle_brackets
    Feature record: CXX_FEATURE:1cxx_rvalue_references
    Feature record: CXX_FEATURE:1cxx_sizeof_member
    Feature record: CXX_FEATURE:1cxx_static_assert
    Feature record: CXX_FEATURE:1cxx_strong_enums
    Feature record: CXX_FEATURE:1cxx_template_template_parameters
    Feature record: CXX_FEATURE:1cxx_thread_local
    Feature record: CXX_FEATURE:1cxx_trailing_return_types
    Feature record: CXX_FEATURE:1cxx_unicode_literals
    Feature record: CXX_FEATURE:1cxx_uniform_initialization
    Feature record: CXX_FEATURE:1cxx_unrestricted_unions
    Feature record: CXX_FEATURE:1cxx_user_literals
    Feature record: CXX_FEATURE:0cxx_variable_templates
    Feature record: CXX_FEATURE:1cxx_variadic_macros
    Feature record: CXX_FEATURE:1cxx_variadic_templates


Detecting CXX [-std=c++98] compiler features compiled with the following output:
Change Dir: /home/nour/OS-Project/processManager/target/debug/build/fltk-sys-bbdbb3dbcb054813/out/build/CMakeFiles/CMakeTmp

Run Build Command:"/usr/bin/make" "cmTC_c98a3/fast"
/usr/bin/make -f CMakeFiles/cmTC_c98a3.dir/build.make CMakeFiles/cmTC_c98a3.dir/build
make[1]: Entering directory '/home/nour/OS-Project/processManager/target/debug/build/fltk-sys-bbdbb3dbcb054813/out/build/CMakeFiles/CMakeTmp'
Building CXX object CMakeFiles/cmTC_c98a3.dir/feature_tests.cxx.o
/usr/bin/c++    -ffunction-sections -fdata-sections -fPIC -m64    -std=c++98 -o CMakeFiles/cmTC_c98a3.dir/feature_tests.cxx.o -c /home/nour/OS-Project/processManager/target/debug/build/fltk-sys-bbdbb3dbcb054813/out/build/CMakeFiles/feature_tests.cxx
Linking CXX executable cmTC_c98a3
/usr/bin/cmake -E cmake_link_script CMakeFiles/cmTC_c98a3.dir/link.txt --verbose=1
/usr/bin/c++   -ffunction-sections -fdata-sections -fPIC -m64     -rdynamic CMakeFiles/cmTC_c98a3.dir/feature_tests.cxx.o  -o cmTC_c98a3 
make[1]: Leaving directory '/home/nour/OS-Project/processManager/target/debug/build/fltk-sys-bbdbb3dbcb054813/out/build/CMakeFiles/CMakeTmp'


    Feature record: CXX_FEATURE:0cxx_aggregate_default_initializers
    Feature record: CXX_FEATURE:0cxx_alias_templates
    Feature record: CXX_FEATURE:0cxx_alignas
    Feature record: CXX_FEATURE:0cxx_alignof
    Feature record: CXX_FEATURE:0cxx_attributes
    Feature record: CXX_FEATURE:0cxx_attribute_deprecated
    Feature record: CXX_FEATURE:0cxx_auto_type
    Feature record: CXX_FEATURE:0cxx_binary_literals
    Feature record: CXX_FEATURE:0cxx_constexpr
    Feature record: CXX_FEATURE:0cxx_contextual_conversions
    Feature record: CXX_FEATURE:0cxx_decltype
    Feature record: CXX_FEATURE:0cxx_decltype_auto
    Feature record: CXX_FEATURE:0cxx_decltype_incomplete_return_types
    Feature record: CXX_FEATURE:0cxx_default_function_template_args
    Feature record: CXX_FEATURE:0cxx_defaulted_functions
    Feature record: CXX_FEATURE:0cxx_defaulted_move_initializers
    Feature record: CXX_FEATURE:0cxx_delegating_constructors
    Feature record: CXX_FEATURE:0cxx_deleted_functions
    Feature record: CXX_FEATURE:0cxx_digit_separators
    Feature record: CXX_FEATURE:0cxx_enum_forward_declarations
    Feature record: CXX_FEATURE:0cxx_explicit_conversions
    Feature record: CXX_FEATURE:0cxx_extended_friend_declarations
    Feature record: CXX_FEATURE:0cxx_extern_templates
    Feature record: CXX_FEATURE:0cxx_final
    Feature record: CXX_FEATURE:0cxx_func_identifier
    Feature record: CXX_FEATURE:0cxx_generalized_initializers
    Feature record: CXX_FEATURE:0cxx_generic_lambdas
    Feature record: CXX_FEATURE:0cxx_inheriting_constructors
    Feature record: CXX_FEATURE:0cxx_inline_namespaces
    Feature record: CXX_FEATURE:0cxx_lambdas
    Feature record: CXX_FEATURE:0cxx_lambda_init_captures
    Feature record: CXX_FEATURE:0cxx_local_type_template_args
    Feature record: CXX_FEATURE:0cxx_long_long_type
    Feature record: CXX_FEATURE:0cxx_noexcept
    Feature record: CXX_FEATURE:0cxx_nonstatic_member_init
    Feature record: CXX_FEATURE:0cxx_nullptr
    Feature record: CXX_FEATURE:0cxx_override
    Feature record: CXX_FEATURE:0cxx_range_for
    Feature record: CXX_FEATURE:0cxx_raw_string_literals
    Feature record: CXX_FEATURE:0cxx_reference_qualified_functions
    Feature record: CXX_FEATURE:0cxx_relaxed_constexpr
    Feature record: CXX_FEATURE:0cxx_return_type_deduction
    Feature record: CXX_FEATURE:0cxx_right_angle_brackets
    Feature record: CXX_FEATURE:0cxx_rvalue_references
    Feature record: CXX_FEATURE:0cxx_sizeof_member
    Feature record: CXX_FEATURE:0cxx_static_assert
    Feature record: CXX_FEATURE:0cxx_strong_enums
    Feature record: CXX_FEATURE:1cxx_template_template_parameters
    Feature record: CXX_FEATURE:0cxx_thread_local
    Feature record: CXX_FEATURE:0cxx_trailing_return_types
    Feature record: CXX_FEATURE:0cxx_unicode_literals
    Feature record: CXX_FEATURE:0cxx_uniform_initialization
    Feature record: CXX_FEATURE:0cxx_unrestricted_unions
    Feature record: CXX_FEATURE:0cxx_user_literals
    Feature record: CXX_FEATURE:0cxx_variable_templates
    Feature record: CXX_FEATURE:0cxx_variadic_macros
    Feature record: CXX_FEATURE:0cxx_variadic_templates
Determining if the include file sys/types.h exists passed with the following output:
Change Dir: /home/nour/OS-Project/processManager/target/debug/build/fltk-sys-bbdbb3dbcb054813/out/build/CMakeFiles/CMakeTmp

Run Build Command:"/usr/bin/make" "cmTC_fbf4b/fast"
/usr/bin/make -f CMakeFiles/cmTC_fbf4b.dir/build.make CMakeFiles/cmTC_fbf4b.dir/build
make[1]: Entering directory '/home/nour/OS-Project/processManager/target/debug/build/fltk-sys-bbdbb3dbcb054813/out/build/CMakeFiles/CMakeTmp'
Building C object CMakeFiles/cmTC_fbf4b.dir/CheckIncludeFile.c.o
/usr/bin/cc   -ffunction-sections -fdata-sections -fPIC -m64    -o CMakeFiles/cmTC_fbf4b.dir/CheckIncludeFile.c.o   -c /home/nour/OS-Project/processManager/target/debug/build/fltk-sys-bbdbb3dbcb054813/out/build/CMakeFiles/CMakeTmp/CheckIncludeFile.c
Linking C executable cmTC_fbf4b
/usr/bin/cmake -E cmake_link_script CMakeFiles/cmTC_fbf4b.dir/link.txt --verbose=1
/usr/bin/cc  -ffunction-sections -fdata-sections -fPIC -m64     -rdynamic CMakeFiles/cmTC_fbf4b.dir/CheckIncludeFile.c.o  -o cmTC_fbf4b 
make[1]: Leaving directory '/home/nour/OS-Project/processManager/target/debug/build/fltk-sys-bbdbb3dbcb054813/out/build/CMakeFiles/CMakeTmp'


Determining if the include file stdint.h exists passed with the following output:
Change Dir: /home/nour/OS-Project/processManager/target/debug/build/fltk-sys-bbdbb3dbcb054813/out/build/CMakeFiles/CMakeTmp

Run Build Command:"/usr/bin/make" "cmTC_78ff3/fast"
/usr/bin/make -f CMakeFiles/cmTC_78ff3.dir/build.make CMakeFiles/cmTC_78ff3.dir/build
make[1]: Entering directory '/home/nour/OS-Project/processManager/target/debug/build/fltk-sys-bbdbb3dbcb054813/out/build/CMakeFiles/CMakeTmp'
Building C object CMakeFiles/cmTC_78ff3.dir/CheckIncludeFile.c.o
/usr/bin/cc   -ffunction-sections -fdata-sections -fPIC -m64    -o CMakeFiles/cmTC_78ff3.dir/CheckIncludeFile.c.o   -c /home/nour/OS-Project/processManager/target/debug/build/fltk-sys-bbdbb3dbcb054813/out/build/CMakeFiles/CMakeTmp/CheckIncludeFile.c
Linking C executable cmTC_78ff3
/usr/bin/cmake -E cmake_link_script CMakeFiles/cmTC_78ff3.dir/link.txt --verbose=1
/usr/bin/cc  -ffunction-sections -fdata-sections -fPIC -m64     -rdynamic CMakeFiles/cmTC_78ff3.dir/CheckIncludeFile.c.o  -o cmTC_78ff3 
make[1]: Leaving directory '/home/nour/OS-Project/processManager/target/debug/build/fltk-sys-bbdbb3dbcb054813/out/build/CMakeFiles/CMakeTmp'


Determining if the include file stddef.h exists passed with the following output:
Change Dir: /home/nour/OS-Project/processManager/target/debug/build/fltk-sys-bbdbb3dbcb054813/out/build/CMakeFiles/CMakeTmp

Run Build Command:"/usr/bin/make" "cmTC_7fff6/fast"
/usr/bin/make -f CMakeFiles/cmTC_7fff6.dir/build.make CMakeFiles/cmTC_7fff6.dir/build
make[1]: Entering directory '/home/nour/OS-Project/processManager/target/debug/build/fltk-sys-bbdbb3dbcb054813/out/build/CMakeFiles/CMakeTmp'
Building C object CMakeFiles/cmTC_7fff6.dir/CheckIncludeFile.c.o
/usr/bin/cc   -ffunction-sections -fdata-sections -fPIC -m64    -o CMakeFiles/cmTC_7fff6.dir/CheckIncludeFile.c.o   -c /home/nour/OS-Project/processManager/target/debug/build/fltk-sys-bbdbb3dbcb054813/out/build/CMakeFiles/CMakeTmp/CheckIncludeFile.c
Linking C executable cmTC_7fff6
/usr/bin/cmake -E cmake_link_script CMakeFiles/cmTC_7fff6.dir/link.txt --verbose=1
/usr/bin/cc  -ffunction-sections -fdata-sections -fPIC -m64     -rdynamic CMakeFiles/cmTC_7fff6.dir/CheckIncludeFile.c.o  -o cmTC_7fff6 
make[1]: Leaving directory '/home/nour/OS-Project/processManager/target/debug/build/fltk-sys-bbdbb3dbcb054813/out/build/CMakeFiles/CMakeTmp'


Determining size of unsigned short passed with the following output:
Change Dir: /home/nour/OS-Project/processManager/target/debug/build/fltk-sys-bbdbb3dbcb054813/out/build/CMakeFiles/CMakeTmp

Run Build Command:"/usr/bin/make" "cmTC_1c2ab/fast"
/usr/bin/make -f CMakeFiles/cmTC_1c2ab.dir/build.make CMakeFiles/cmTC_1c2ab.dir/build
make[1]: Entering directory '/home/nour/OS-Project/processManager/target/debug/build/fltk-sys-bbdbb3dbcb054813/out/build/CMakeFiles/CMakeTmp'
Building C object CMakeFiles/cmTC_1c2ab.dir/CMAKE_SIZEOF_UNSIGNED_SHORT.c.o
/usr/bin/cc   -ffunction-sections -fdata-sections -fPIC -m64    -o CMakeFiles/cmTC_1c2ab.dir/CMAKE_SIZEOF_UNSIGNED_SHORT.c.o   -c /home/nour/OS-Project/processManager/target/debug/build/fltk-sys-bbdbb3dbcb054813/out/build/CMakeFiles/CheckTypeSize/CMAKE_SIZEOF_UNSIGNED_SHORT.c
Linking C executable cmTC_1c2ab
/usr/bin/cmake -E cmake_link_script CMakeFiles/cmTC_1c2ab.dir/link.txt --verbose=1
/usr/bin/cc  -ffunction-sections -fdata-sections -fPIC -m64     -rdynamic CMakeFiles/cmTC_1c2ab.dir/CMAKE_SIZEOF_UNSIGNED_SHORT.c.o  -o cmTC_1c2ab 
make[1]: Leaving directory '/home/nour/OS-Project/processManager/target/debug/build/fltk-sys-bbdbb3dbcb054813/out/build/CMakeFiles/CMakeTmp'


Determining if the system is big endian passed with the following output:
Change Dir: /home/nour/OS-Project/processManager/target/debug/build/fltk-sys-bbdbb3dbcb054813/out/build/CMakeFiles/CMakeTmp

Run Build Command:"/usr/bin/make" "cmTC_7cb6e/fast"
/usr/bin/make -f CMakeFiles/cmTC_7cb6e.dir/build.make CMakeFiles/cmTC_7cb6e.dir/build
make[1]: Entering directory '/home/nour/OS-Project/processManager/target/debug/build/fltk-sys-bbdbb3dbcb054813/out/build/CMakeFiles/CMakeTmp'
Building C object CMakeFiles/cmTC_7cb6e.dir/TestEndianess.c.o
/usr/bin/cc   -ffunction-sections -fdata-sections -fPIC -m64    -o CMakeFiles/cmTC_7cb6e.dir/TestEndianess.c.o   -c /home/nour/OS-Project/processManager/target/debug/build/fltk-sys-bbdbb3dbcb054813/out/build/CMakeFiles/CMakeTmp/TestEndianess.c
Linking C executable cmTC_7cb6e
/usr/bin/cmake -E cmake_link_script CMakeFiles/cmTC_7cb6e.dir/link.txt --verbose=1
/usr/bin/cc  -ffunction-sections -fdata-sections -fPIC -m64     -rdynamic CMakeFiles/cmTC_7cb6e.dir/TestEndianess.c.o  -o cmTC_7cb6e 
make[1]: Leaving directory '/home/nour/OS-Project/processManager/target/debug/build/fltk-sys-bbdbb3dbcb054813/out/build/CMakeFiles/CMakeTmp'

TestEndianess.c:
/* A 16 bit integer is required. */
typedef unsigned short cmakeint16;

/* On a little endian machine, these 16bit ints will give "THIS IS LITTLE ENDIAN."
   On a big endian machine the characters will be exchanged pairwise. */
const cmakeint16 info_little[] =  {0x4854, 0x5349, 0x4920, 0x2053, 0x494c, 0x5454, 0x454c, 0x4520, 0x444e, 0x4149, 0x2e4e, 0x0000};

/* on a big endian machine, these 16bit ints will give "THIS IS BIG ENDIAN."
   On a little endian machine the characters will be exchanged pairwise. */
const cmakeint16 info_big[] =     {0x5448, 0x4953, 0x2049, 0x5320, 0x4249, 0x4720, 0x454e, 0x4449, 0x414e, 0x2e2e, 0x0000};

#ifdef __CLASSIC_C__
int main(argc, argv) int argc; char *argv[];
#else
int main(int argc, char *argv[])
#endif
{
  int require = 0;
  require += info_little[argc];
  require += info_big[argc];
  (void)argv;
  return require;
}


Determining size of short passed with the following output:
Change Dir: /home/nour/OS-Project/processManager/target/debug/build/fltk-sys-bbdbb3dbcb054813/out/build/CMakeFiles/CMakeTmp

Run Build Command:"/usr/bin/make" "cmTC_470ec/fast"
/usr/bin/make -f CMakeFiles/cmTC_470ec.dir/build.make CMakeFiles/cmTC_470ec.dir/build
make[1]: Entering directory '/home/nour/OS-Project/processManager/target/debug/build/fltk-sys-bbdbb3dbcb054813/out/build/CMakeFiles/CMakeTmp'
Building C object CMakeFiles/cmTC_470ec.dir/SIZEOF_SHORT.c.o
/usr/bin/cc   -ffunction-sections -fdata-sections -fPIC -m64    -o CMakeFiles/cmTC_470ec.dir/SIZEOF_SHORT.c.o   -c /home/nour/OS-Project/processManager/target/debug/build/fltk-sys-bbdbb3dbcb054813/out/build/CMakeFiles/CheckTypeSize/SIZEOF_SHORT.c
Linking C executable cmTC_470ec
/usr/bin/cmake -E cmake_link_script CMakeFiles/cmTC_470ec.dir/link.txt --verbose=1
/usr/bin/cc  -ffunction-sections -fdata-sections -fPIC -m64     -rdynamic CMakeFiles/cmTC_470ec.dir/SIZEOF_SHORT.c.o  -o cmTC_470ec 
make[1]: Leaving directory '/home/nour/OS-Project/processManager/target/debug/build/fltk-sys-bbdbb3dbcb054813/out/build/CMakeFiles/CMakeTmp'


Determining size of int passed with the following output:
Change Dir: /home/nour/OS-Project/processManager/target/debug/build/fltk-sys-bbdbb3dbcb054813/out/build/CMakeFiles/CMakeTmp

Run Build Command:"/usr/bin/make" "cmTC_15630/fast"
/usr/bin/make -f CMakeFiles/cmTC_15630.dir/build.make CMakeFiles/cmTC_15630.dir/build
make[1]: Entering directory '/home/nour/OS-Project/processManager/target/debug/build/fltk-sys-bbdbb3dbcb054813/out/build/CMakeFiles/CMakeTmp'
Building C object CMakeFiles/cmTC_15630.dir/SIZEOF_INT.c.o
/usr/bin/cc   -ffunction-sections -fdata-sections -fPIC -m64    -o CMakeFiles/cmTC_15630.dir/SIZEOF_INT.c.o   -c /home/nour/OS-Project/processManager/target/debug/build/fltk-sys-bbdbb3dbcb054813/out/build/CMakeFiles/CheckTypeSize/SIZEOF_INT.c
Linking C executable cmTC_15630
/usr/bin/cmake -E cmake_link_script CMakeFiles/cmTC_15630.dir/link.txt --verbose=1
/usr/bin/cc  -ffunction-sections -fdata-sections -fPIC -m64     -rdynamic CMakeFiles/cmTC_15630.dir/SIZEOF_INT.c.o  -o cmTC_15630 
make[1]: Leaving directory '/home/nour/OS-Project/processManager/target/debug/build/fltk-sys-bbdbb3dbcb054813/out/build/CMakeFiles/CMakeTmp'


Determining size of long passed with the following output:
Change Dir: /home/nour/OS-Project/processManager/target/debug/build/fltk-sys-bbdbb3dbcb054813/out/build/CMakeFiles/CMakeTmp

Run Build Command:"/usr/bin/make" "cmTC_90465/fast"
/usr/bin/make -f CMakeFiles/cmTC_90465.dir/build.make CMakeFiles/cmTC_90465.dir/build
make[1]: Entering directory '/home/nour/OS-Project/processManager/target/debug/build/fltk-sys-bbdbb3dbcb054813/out/build/CMakeFiles/CMakeTmp'
Building C object CMakeFiles/cmTC_90465.dir/SIZEOF_LONG.c.o
/usr/bin/cc   -ffunction-sections -fdata-sections -fPIC -m64    -o CMakeFiles/cmTC_90465.dir/SIZEOF_LONG.c.o   -c /home/nour/OS-Project/processManager/target/debug/build/fltk-sys-bbdbb3dbcb054813/out/build/CMakeFiles/CheckTypeSize/SIZEOF_LONG.c
Linking C executable cmTC_90465
/usr/bin/cmake -E cmake_link_script CMakeFiles/cmTC_90465.dir/link.txt --verbose=1
/usr/bin/cc  -ffunction-sections -fdata-sections -fPIC -m64     -rdynamic CMakeFiles/cmTC_90465.dir/SIZEOF_LONG.c.o  -o cmTC_90465 
make[1]: Leaving directory '/home/nour/OS-Project/processManager/target/debug/build/fltk-sys-bbdbb3dbcb054813/out/build/CMakeFiles/CMakeTmp'


Determining size of long long passed with the following output:
Change Dir: /home/nour/OS-Project/processManager/target/debug/build/fltk-sys-bbdbb3dbcb054813/out/build/CMakeFiles/CMakeTmp

Run Build Command:"/usr/bin/make" "cmTC_b4628/fast"
/usr/bin/make -f CMakeFiles/cmTC_b4628.dir/build.make CMakeFiles/cmTC_b4628.dir/build
make[1]: Entering directory '/home/nour/OS-Project/processManager/target/debug/build/fltk-sys-bbdbb3dbcb054813/out/build/CMakeFiles/CMakeTmp'
Building C object CMakeFiles/cmTC_b4628.dir/HAVE_LONG_LONG.c.o
/usr/bin/cc   -ffunction-sections -fdata-sections -fPIC -m64    -o CMakeFiles/cmTC_b4628.dir/HAVE_LONG_LONG.c.o   -c /home/nour/OS-Project/processManager/target/debug/build/fltk-sys-bbdbb3dbcb054813/out/build/CMakeFiles/CheckTypeSize/HAVE_LONG_LONG.c
Linking C executable cmTC_b4628
/usr/bin/cmake -E cmake_link_script CMakeFiles/cmTC_b4628.dir/link.txt --verbose=1
/usr/bin/cc  -ffunction-sections -fdata-sections -fPIC -m64     -rdynamic CMakeFiles/cmTC_b4628.dir/HAVE_LONG_LONG.c.o  -o cmTC_b4628 
make[1]: Leaving directory '/home/nour/OS-Project/processManager/target/debug/build/fltk-sys-bbdbb3dbcb054813/out/build/CMakeFiles/CMakeTmp'


Determining if files dlfcn.h exist passed with the following output:
Change Dir: /home/nour/OS-Project/processManager/target/debug/build/fltk-sys-bbdbb3dbcb054813/out/build/CMakeFiles/CMakeTmp

Run Build Command:"/usr/bin/make" "cmTC_36ec4/fast"
/usr/bin/make -f CMakeFiles/cmTC_36ec4.dir/build.make CMakeFiles/cmTC_36ec4.dir/build
make[1]: Entering directory '/home/nour/OS-Project/processManager/target/debug/build/fltk-sys-bbdbb3dbcb054813/out/build/CMakeFiles/CMakeTmp'
Building C object CMakeFiles/cmTC_36ec4.dir/CheckIncludeFiles.c.o
/usr/bin/cc   -ffunction-sections -fdata-sections -fPIC -m64    -o CMakeFiles/cmTC_36ec4.dir/CheckIncludeFiles.c.o   -c /home/nour/OS-Project/processManager/target/debug/build/fltk-sys-bbdbb3dbcb054813/out/build/CMakeFiles/CMakeTmp/CheckIncludeFiles.c
Linking C executable cmTC_36ec4
/usr/bin/cmake -E cmake_link_script CMakeFiles/cmTC_36ec4.dir/link.txt --verbose=1
/usr/bin/cc  -ffunction-sections -fdata-sections -fPIC -m64     -rdynamic CMakeFiles/cmTC_36ec4.dir/CheckIncludeFiles.c.o  -o cmTC_36ec4 
make[1]: Leaving directory '/home/nour/OS-Project/processManager/target/debug/build/fltk-sys-bbdbb3dbcb054813/out/build/CMakeFiles/CMakeTmp'


Determining if files GL/glu.h exist passed with the following output:
Change Dir: /home/nour/OS-Project/processManager/target/debug/build/fltk-sys-bbdbb3dbcb054813/out/build/CMakeFiles/CMakeTmp

Run Build Command:"/usr/bin/make" "cmTC_854f5/fast"
/usr/bin/make -f CMakeFiles/cmTC_854f5.dir/build.make CMakeFiles/cmTC_854f5.dir/build
make[1]: Entering directory '/home/nour/OS-Project/processManager/target/debug/build/fltk-sys-bbdbb3dbcb054813/out/build/CMakeFiles/CMakeTmp'
Building C object CMakeFiles/cmTC_854f5.dir/CheckIncludeFiles.c.o
/usr/bin/cc   -ffunction-sections -fdata-sections -fPIC -m64    -o CMakeFiles/cmTC_854f5.dir/CheckIncludeFiles.c.o   -c /home/nour/OS-Project/processManager/target/debug/build/fltk-sys-bbdbb3dbcb054813/out/build/CMakeFiles/CMakeTmp/CheckIncludeFiles.c
Linking C executable cmTC_854f5
/usr/bin/cmake -E cmake_link_script CMakeFiles/cmTC_854f5.dir/link.txt --verbose=1
/usr/bin/cc  -ffunction-sections -fdata-sections -fPIC -m64     -rdynamic CMakeFiles/cmTC_854f5.dir/CheckIncludeFiles.c.o  -o cmTC_854f5 
make[1]: Leaving directory '/home/nour/OS-Project/processManager/target/debug/build/fltk-sys-bbdbb3dbcb054813/out/build/CMakeFiles/CMakeTmp'


Determining if files locale.h exist passed with the following output:
Change Dir: /home/nour/OS-Project/processManager/target/debug/build/fltk-sys-bbdbb3dbcb054813/out/build/CMakeFiles/CMakeTmp

Run Build Command:"/usr/bin/make" "cmTC_8e2c7/fast"
/usr/bin/make -f CMakeFiles/cmTC_8e2c7.dir/build.make CMakeFiles/cmTC_8e2c7.dir/build
make[1]: Entering directory '/home/nour/OS-Project/processManager/target/debug/build/fltk-sys-bbdbb3dbcb054813/out/build/CMakeFiles/CMakeTmp'
Building C object CMakeFiles/cmTC_8e2c7.dir/CheckIncludeFiles.c.o
/usr/bin/cc   -ffunction-sections -fdata-sections -fPIC -m64    -o CMakeFiles/cmTC_8e2c7.dir/CheckIncludeFiles.c.o   -c /home/nour/OS-Project/processManager/target/debug/build/fltk-sys-bbdbb3dbcb054813/out/build/CMakeFiles/CMakeTmp/CheckIncludeFiles.c
Linking C executable cmTC_8e2c7
/usr/bin/cmake -E cmake_link_script CMakeFiles/cmTC_8e2c7.dir/link.txt --verbose=1
/usr/bin/cc  -ffunction-sections -fdata-sections -fPIC -m64     -rdynamic CMakeFiles/cmTC_8e2c7.dir/CheckIncludeFiles.c.o  -o cmTC_8e2c7 
make[1]: Leaving directory '/home/nour/OS-Project/processManager/target/debug/build/fltk-sys-bbdbb3dbcb054813/out/build/CMakeFiles/CMakeTmp'


Determining if files stdio.h exist passed with the following output:
Change Dir: /home/nour/OS-Project/processManager/target/debug/build/fltk-sys-bbdbb3dbcb054813/out/build/CMakeFiles/CMakeTmp

Run Build Command:"/usr/bin/make" "cmTC_ad392/fast"
/usr/bin/make -f CMakeFiles/cmTC_ad392.dir/build.make CMakeFiles/cmTC_ad392.dir/build
make[1]: Entering directory '/home/nour/OS-Project/processManager/target/debug/build/fltk-sys-bbdbb3dbcb054813/out/build/CMakeFiles/CMakeTmp'
Building C object CMakeFiles/cmTC_ad392.dir/CheckIncludeFiles.c.o
/usr/bin/cc   -ffunction-sections -fdata-sections -fPIC -m64    -o CMakeFiles/cmTC_ad392.dir/CheckIncludeFiles.c.o   -c /home/nour/OS-Project/processManager/target/debug/build/fltk-sys-bbdbb3dbcb054813/out/build/CMakeFiles/CMakeTmp/CheckIncludeFiles.c
Linking C executable cmTC_ad392
/usr/bin/cmake -E cmake_link_script CMakeFiles/cmTC_ad392.dir/link.txt --verbose=1
/usr/bin/cc  -ffunction-sections -fdata-sections -fPIC -m64     -rdynamic CMakeFiles/cmTC_ad392.dir/CheckIncludeFiles.c.o  -o cmTC_ad392 
make[1]: Leaving directory '/home/nour/OS-Project/processManager/target/debug/build/fltk-sys-bbdbb3dbcb054813/out/build/CMakeFiles/CMakeTmp'


Determining if files strings.h exist passed with the following output:
Change Dir: /home/nour/OS-Project/processManager/target/debug/build/fltk-sys-bbdbb3dbcb054813/out/build/CMakeFiles/CMakeTmp

Run Build Command:"/usr/bin/make" "cmTC_a530c/fast"
/usr/bin/make -f CMakeFiles/cmTC_a530c.dir/build.make CMakeFiles/cmTC_a530c.dir/build
make[1]: Entering directory '/home/nour/OS-Project/processManager/target/debug/build/fltk-sys-bbdbb3dbcb054813/out/build/CMakeFiles/CMakeTmp'
Building C object CMakeFiles/cmTC_a530c.dir/CheckIncludeFiles.c.o
/usr/bin/cc   -ffunction-sections -fdata-sections -fPIC -m64    -o CMakeFiles/cmTC_a530c.dir/CheckIncludeFiles.c.o   -c /home/nour/OS-Project/processManager/target/debug/build/fltk-sys-bbdbb3dbcb054813/out/build/CMakeFiles/CMakeTmp/CheckIncludeFiles.c
Linking C executable cmTC_a530c
/usr/bin/cmake -E cmake_link_script CMakeFiles/cmTC_a530c.dir/link.txt --verbose=1
/usr/bin/cc  -ffunction-sections -fdata-sections -fPIC -m64     -rdynamic CMakeFiles/cmTC_a530c.dir/CheckIncludeFiles.c.o  -o cmTC_a530c 
make[1]: Leaving directory '/home/nour/OS-Project/processManager/target/debug/build/fltk-sys-bbdbb3dbcb054813/out/build/CMakeFiles/CMakeTmp'


Determining if files sys/select.h exist passed with the following output:
Change Dir: /home/nour/OS-Project/processManager/target/debug/build/fltk-sys-bbdbb3dbcb054813/out/build/CMakeFiles/CMakeTmp

Run Build Command:"/usr/bin/make" "cmTC_d8496/fast"
/usr/bin/make -f CMakeFiles/cmTC_d8496.dir/build.make CMakeFiles/cmTC_d8496.dir/build
make[1]: Entering directory '/home/nour/OS-Project/processManager/target/debug/build/fltk-sys-bbdbb3dbcb054813/out/build/CMakeFiles/CMakeTmp'
Building C object CMakeFiles/cmTC_d8496.dir/CheckIncludeFiles.c.o
/usr/bin/cc   -ffunction-sections -fdata-sections -fPIC -m64    -o CMakeFiles/cmTC_d8496.dir/CheckIncludeFiles.c.o   -c /home/nour/OS-Project/processManager/target/debug/build/fltk-sys-bbdbb3dbcb054813/out/build/CMakeFiles/CMakeTmp/CheckIncludeFiles.c
Linking C executable cmTC_d8496
/usr/bin/cmake -E cmake_link_script CMakeFiles/cmTC_d8496.dir/link.txt --verbose=1
/usr/bin/cc  -ffunction-sections -fdata-sections -fPIC -m64     -rdynamic CMakeFiles/cmTC_d8496.dir/CheckIncludeFiles.c.o  -o cmTC_d8496 
make[1]: Leaving directory '/home/nour/OS-Project/processManager/target/debug/build/fltk-sys-bbdbb3dbcb054813/out/build/CMakeFiles/CMakeTmp'


Determining if files X11/Xlib.h;X11/Xregion.h exist passed with the following output:
Change Dir: /home/nour/OS-Project/processManager/target/debug/build/fltk-sys-bbdbb3dbcb054813/out/build/CMakeFiles/CMakeTmp

Run Build Command:"/usr/bin/make" "cmTC_efcdf/fast"
/usr/bin/make -f CMakeFiles/cmTC_efcdf.dir/build.make CMakeFiles/cmTC_efcdf.dir/build
make[1]: Entering directory '/home/nour/OS-Project/processManager/target/debug/build/fltk-sys-bbdbb3dbcb054813/out/build/CMakeFiles/CMakeTmp'
Building C object CMakeFiles/cmTC_efcdf.dir/CheckIncludeFiles.c.o
/usr/bin/cc   -ffunction-sections -fdata-sections -fPIC -m64    -o CMakeFiles/cmTC_efcdf.dir/CheckIncludeFiles.c.o   -c /home/nour/OS-Project/processManager/target/debug/build/fltk-sys-bbdbb3dbcb054813/out/build/CMakeFiles/CMakeTmp/CheckIncludeFiles.c
Linking C executable cmTC_efcdf
/usr/bin/cmake -E cmake_link_script CMakeFiles/cmTC_efcdf.dir/link.txt --verbose=1
/usr/bin/cc  -ffunction-sections -fdata-sections -fPIC -m64     -rdynamic CMakeFiles/cmTC_efcdf.dir/CheckIncludeFiles.c.o  -o cmTC_efcdf 
make[1]: Leaving directory '/home/nour/OS-Project/processManager/target/debug/build/fltk-sys-bbdbb3dbcb054813/out/build/CMakeFiles/CMakeTmp'


Determining if files pthread.h exist passed with the following output:
Change Dir: /home/nour/OS-Project/processManager/target/debug/build/fltk-sys-bbdbb3dbcb054813/out/build/CMakeFiles/CMakeTmp

Run Build Command:"/usr/bin/make" "cmTC_7a85c/fast"
/usr/bin/make -f CMakeFiles/cmTC_7a85c.dir/build.make CMakeFiles/cmTC_7a85c.dir/build
make[1]: Entering directory '/home/nour/OS-Project/processManager/target/debug/build/fltk-sys-bbdbb3dbcb054813/out/build/CMakeFiles/CMakeTmp'
Building C object CMakeFiles/cmTC_7a85c.dir/CheckIncludeFiles.c.o
/usr/bin/cc   -ffunction-sections -fdata-sections -fPIC -m64    -o CMakeFiles/cmTC_7a85c.dir/CheckIncludeFiles.c.o   -c /home/nour/OS-Project/processManager/target/debug/build/fltk-sys-bbdbb3dbcb054813/out/build/CMakeFiles/CMakeTmp/CheckIncludeFiles.c
Linking C executable cmTC_7a85c
/usr/bin/cmake -E cmake_link_script CMakeFiles/cmTC_7a85c.dir/link.txt --verbose=1
/usr/bin/cc  -ffunction-sections -fdata-sections -fPIC -m64     -rdynamic CMakeFiles/cmTC_7a85c.dir/CheckIncludeFiles.c.o  -o cmTC_7a85c 
make[1]: Leaving directory '/home/nour/OS-Project/processManager/target/debug/build/fltk-sys-bbdbb3dbcb054813/out/build/CMakeFiles/CMakeTmp'


Determining if files dirent.h exist passed with the following output:
Change Dir: /home/nour/OS-Project/processManager/target/debug/build/fltk-sys-bbdbb3dbcb054813/out/build/CMakeFiles/CMakeTmp

Run Build Command:"/usr/bin/make" "cmTC_65274/fast"
/usr/bin/make -f CMakeFiles/cmTC_65274.dir/build.make CMakeFiles/cmTC_65274.dir/build
make[1]: Entering directory '/home/nour/OS-Project/processManager/target/debug/build/fltk-sys-bbdbb3dbcb054813/out/build/CMakeFiles/CMakeTmp'
Building C object CMakeFiles/cmTC_65274.dir/CheckIncludeFiles.c.o
/usr/bin/cc   -ffunction-sections -fdata-sections -fPIC -m64    -o CMakeFiles/cmTC_65274.dir/CheckIncludeFiles.c.o   -c /home/nour/OS-Project/processManager/target/debug/build/fltk-sys-bbdbb3dbcb054813/out/build/CMakeFiles/CMakeTmp/CheckIncludeFiles.c
Linking C executable cmTC_65274
/usr/bin/cmake -E cmake_link_script CMakeFiles/cmTC_65274.dir/link.txt --verbose=1
/usr/bin/cc  -ffunction-sections -fdata-sections -fPIC -m64     -rdynamic CMakeFiles/cmTC_65274.dir/CheckIncludeFiles.c.o  -o cmTC_65274 
make[1]: Leaving directory '/home/nour/OS-Project/processManager/target/debug/build/fltk-sys-bbdbb3dbcb054813/out/build/CMakeFiles/CMakeTmp'


Determining if the function dlsym exists passed with the following output:
Change Dir: /home/nour/OS-Project/processManager/target/debug/build/fltk-sys-bbdbb3dbcb054813/out/build/CMakeFiles/CMakeTmp

Run Build Command:"/usr/bin/make" "cmTC_68fac/fast"
/usr/bin/make -f CMakeFiles/cmTC_68fac.dir/build.make CMakeFiles/cmTC_68fac.dir/build
make[1]: Entering directory '/home/nour/OS-Project/processManager/target/debug/build/fltk-sys-bbdbb3dbcb054813/out/build/CMakeFiles/CMakeTmp'
Building C object CMakeFiles/cmTC_68fac.dir/CheckFunctionExists.c.o
/usr/bin/cc   -ffunction-sections -fdata-sections -fPIC -m64 -DCHECK_FUNCTION_EXISTS=dlsym   -o CMakeFiles/cmTC_68fac.dir/CheckFunctionExists.c.o   -c /usr/share/cmake-3.10/Modules/CheckFunctionExists.c
Linking C executable cmTC_68fac
/usr/bin/cmake -E cmake_link_script CMakeFiles/cmTC_68fac.dir/link.txt --verbose=1
/usr/bin/cc  -ffunction-sections -fdata-sections -fPIC -m64 -DCHECK_FUNCTION_EXISTS=dlsym    -rdynamic CMakeFiles/cmTC_68fac.dir/CheckFunctionExists.c.o  -o cmTC_68fac -ldl 
make[1]: Leaving directory '/home/nour/OS-Project/processManager/target/debug/build/fltk-sys-bbdbb3dbcb054813/out/build/CMakeFiles/CMakeTmp'


Determining if the function localeconv exists passed with the following output:
Change Dir: /home/nour/OS-Project/processManager/target/debug/build/fltk-sys-bbdbb3dbcb054813/out/build/CMakeFiles/CMakeTmp

Run Build Command:"/usr/bin/make" "cmTC_d9c4b/fast"
/usr/bin/make -f CMakeFiles/cmTC_d9c4b.dir/build.make CMakeFiles/cmTC_d9c4b.dir/build
make[1]: Entering directory '/home/nour/OS-Project/processManager/target/debug/build/fltk-sys-bbdbb3dbcb054813/out/build/CMakeFiles/CMakeTmp'
Building C object CMakeFiles/cmTC_d9c4b.dir/CheckFunctionExists.c.o
/usr/bin/cc   -ffunction-sections -fdata-sections -fPIC -m64 -DCHECK_FUNCTION_EXISTS=localeconv   -o CMakeFiles/cmTC_d9c4b.dir/CheckFunctionExists.c.o   -c /usr/share/cmake-3.10/Modules/CheckFunctionExists.c
Linking C executable cmTC_d9c4b
/usr/bin/cmake -E cmake_link_script CMakeFiles/cmTC_d9c4b.dir/link.txt --verbose=1
/usr/bin/cc  -ffunction-sections -fdata-sections -fPIC -m64 -DCHECK_FUNCTION_EXISTS=localeconv    -rdynamic CMakeFiles/cmTC_d9c4b.dir/CheckFunctionExists.c.o  -o cmTC_d9c4b 
make[1]: Leaving directory '/home/nour/OS-Project/processManager/target/debug/build/fltk-sys-bbdbb3dbcb054813/out/build/CMakeFiles/CMakeTmp'


Determining if the function png_get_valid exists passed with the following output:
Change Dir: /home/nour/OS-Project/processManager/target/debug/build/fltk-sys-bbdbb3dbcb054813/out/build/CMakeFiles/CMakeTmp

Run Build Command:"/usr/bin/make" "cmTC_7f771/fast"
/usr/bin/make -f CMakeFiles/cmTC_7f771.dir/build.make CMakeFiles/cmTC_7f771.dir/build
make[1]: Entering directory '/home/nour/OS-Project/processManager/target/debug/build/fltk-sys-bbdbb3dbcb054813/out/build/CMakeFiles/CMakeTmp'
Building C object CMakeFiles/cmTC_7f771.dir/CheckFunctionExists.c.o
/usr/bin/cc   -ffunction-sections -fdata-sections -fPIC -m64 -DCHECK_FUNCTION_EXISTS=png_get_valid   -o CMakeFiles/cmTC_7f771.dir/CheckFunctionExists.c.o   -c /usr/share/cmake-3.10/Modules/CheckFunctionExists.c
Linking C executable cmTC_7f771
/usr/bin/cmake -E cmake_link_script CMakeFiles/cmTC_7f771.dir/link.txt --verbose=1
/usr/bin/cc  -ffunction-sections -fdata-sections -fPIC -m64 -DCHECK_FUNCTION_EXISTS=png_get_valid    -rdynamic CMakeFiles/cmTC_7f771.dir/CheckFunctionExists.c.o  -o cmTC_7f771 /usr/lib/x86_64-linux-gnu/libpng.so 
make[1]: Leaving directory '/home/nour/OS-Project/processManager/target/debug/build/fltk-sys-bbdbb3dbcb054813/out/build/CMakeFiles/CMakeTmp'


Determining if the function png_set_tRNS_to_alpha exists passed with the following output:
Change Dir: /home/nour/OS-Project/processManager/target/debug/build/fltk-sys-bbdbb3dbcb054813/out/build/CMakeFiles/CMakeTmp

Run Build Command:"/usr/bin/make" "cmTC_64458/fast"
/usr/bin/make -f CMakeFiles/cmTC_64458.dir/build.make CMakeFiles/cmTC_64458.dir/build
make[1]: Entering directory '/home/nour/OS-Project/processManager/target/debug/build/fltk-sys-bbdbb3dbcb054813/out/build/CMakeFiles/CMakeTmp'
Building C object CMakeFiles/cmTC_64458.dir/CheckFunctionExists.c.o
/usr/bin/cc   -ffunction-sections -fdata-sections -fPIC -m64 -DCHECK_FUNCTION_EXISTS=png_set_tRNS_to_alpha   -o CMakeFiles/cmTC_64458.dir/CheckFunctionExists.c.o   -c /usr/share/cmake-3.10/Modules/CheckFunctionExists.c
Linking C executable cmTC_64458
/usr/bin/cmake -E cmake_link_script CMakeFiles/cmTC_64458.dir/link.txt --verbose=1
/usr/bin/cc  -ffunction-sections -fdata-sections -fPIC -m64 -DCHECK_FUNCTION_EXISTS=png_set_tRNS_to_alpha    -rdynamic CMakeFiles/cmTC_64458.dir/CheckFunctionExists.c.o  -o cmTC_64458 /usr/lib/x86_64-linux-gnu/libpng.so 
make[1]: Leaving directory '/home/nour/OS-Project/processManager/target/debug/build/fltk-sys-bbdbb3dbcb054813/out/build/CMakeFiles/CMakeTmp'


Determining if the function scandir exists passed with the following output:
Change Dir: /home/nour/OS-Project/processManager/target/debug/build/fltk-sys-bbdbb3dbcb054813/out/build/CMakeFiles/CMakeTmp

Run Build Command:"/usr/bin/make" "cmTC_dc713/fast"
/usr/bin/make -f CMakeFiles/cmTC_dc713.dir/build.make CMakeFiles/cmTC_dc713.dir/build
make[1]: Entering directory '/home/nour/OS-Project/processManager/target/debug/build/fltk-sys-bbdbb3dbcb054813/out/build/CMakeFiles/CMakeTmp'
Building C object CMakeFiles/cmTC_dc713.dir/CheckFunctionExists.c.o
/usr/bin/cc   -ffunction-sections -fdata-sections -fPIC -m64 -DCHECK_FUNCTION_EXISTS=scandir   -o CMakeFiles/cmTC_dc713.dir/CheckFunctionExists.c.o   -c /usr/share/cmake-3.10/Modules/CheckFunctionExists.c
Linking C executable cmTC_dc713
/usr/bin/cmake -E cmake_link_script CMakeFiles/cmTC_dc713.dir/link.txt --verbose=1
/usr/bin/cc  -ffunction-sections -fdata-sections -fPIC -m64 -DCHECK_FUNCTION_EXISTS=scandir    -rdynamic CMakeFiles/cmTC_dc713.dir/CheckFunctionExists.c.o  -o cmTC_dc713 
make[1]: Leaving directory '/home/nour/OS-Project/processManager/target/debug/build/fltk-sys-bbdbb3dbcb054813/out/build/CMakeFiles/CMakeTmp'


Determining if the function snprintf exists passed with the following output:
Change Dir: /home/nour/OS-Project/processManager/target/debug/build/fltk-sys-bbdbb3dbcb054813/out/build/CMakeFiles/CMakeTmp

Run Build Command:"/usr/bin/make" "cmTC_3ca2f/fast"
/usr/bin/make -f CMakeFiles/cmTC_3ca2f.dir/build.make CMakeFiles/cmTC_3ca2f.dir/build
make[1]: Entering directory '/home/nour/OS-Project/processManager/target/debug/build/fltk-sys-bbdbb3dbcb054813/out/build/CMakeFiles/CMakeTmp'
Building C object CMakeFiles/cmTC_3ca2f.dir/CheckFunctionExists.c.o
/usr/bin/cc   -ffunction-sections -fdata-sections -fPIC -m64 -DCHECK_FUNCTION_EXISTS=snprintf   -o CMakeFiles/cmTC_3ca2f.dir/CheckFunctionExists.c.o   -c /usr/share/cmake-3.10/Modules/CheckFunctionExists.c
<command-line>:0:23: warning: conflicting types for built-in function snprintf [-Wbuiltin-declaration-mismatch]
/usr/share/cmake-3.10/Modules/CheckFunctionExists.c:7:3: note: in expansion of macro CHECK_FUNCTION_EXISTS
   CHECK_FUNCTION_EXISTS(void);
   ^~~~~~~~~~~~~~~~~~~~~
Linking C executable cmTC_3ca2f
/usr/bin/cmake -E cmake_link_script CMakeFiles/cmTC_3ca2f.dir/link.txt --verbose=1
/usr/bin/cc  -ffunction-sections -fdata-sections -fPIC -m64 -DCHECK_FUNCTION_EXISTS=snprintf    -rdynamic CMakeFiles/cmTC_3ca2f.dir/CheckFunctionExists.c.o  -o cmTC_3ca2f 
make[1]: Leaving directory '/home/nour/OS-Project/processManager/target/debug/build/fltk-sys-bbdbb3dbcb054813/out/build/CMakeFiles/CMakeTmp'


Determining if the function strcasecmp exists passed with the following output:
Change Dir: /home/nour/OS-Project/processManager/target/debug/build/fltk-sys-bbdbb3dbcb054813/out/build/CMakeFiles/CMakeTmp

Run Build Command:"/usr/bin/make" "cmTC_42230/fast"
/usr/bin/make -f CMakeFiles/cmTC_42230.dir/build.make CMakeFiles/cmTC_42230.dir/build
make[1]: Entering directory '/home/nour/OS-Project/processManager/target/debug/build/fltk-sys-bbdbb3dbcb054813/out/build/CMakeFiles/CMakeTmp'
Building C object CMakeFiles/cmTC_42230.dir/CheckFunctionExists.c.o
/usr/bin/cc   -ffunction-sections -fdata-sections -fPIC -m64 -DCHECK_FUNCTION_EXISTS=strcasecmp   -o CMakeFiles/cmTC_42230.dir/CheckFunctionExists.c.o   -c /usr/share/cmake-3.10/Modules/CheckFunctionExists.c
<command-line>:0:23: warning: conflicting types for built-in function strcasecmp [-Wbuiltin-declaration-mismatch]
/usr/share/cmake-3.10/Modules/CheckFunctionExists.c:7:3: note: in expansion of macro CHECK_FUNCTION_EXISTS
   CHECK_FUNCTION_EXISTS(void);
   ^~~~~~~~~~~~~~~~~~~~~
Linking C executable cmTC_42230
/usr/bin/cmake -E cmake_link_script CMakeFiles/cmTC_42230.dir/link.txt --verbose=1
/usr/bin/cc  -ffunction-sections -fdata-sections -fPIC -m64 -DCHECK_FUNCTION_EXISTS=strcasecmp    -rdynamic CMakeFiles/cmTC_42230.dir/CheckFunctionExists.c.o  -o cmTC_42230 
make[1]: Leaving directory '/home/nour/OS-Project/processManager/target/debug/build/fltk-sys-bbdbb3dbcb054813/out/build/CMakeFiles/CMakeTmp'


Determining if the function vsnprintf exists passed with the following output:
Change Dir: /home/nour/OS-Project/processManager/target/debug/build/fltk-sys-bbdbb3dbcb054813/out/build/CMakeFiles/CMakeTmp

Run Build Command:"/usr/bin/make" "cmTC_0067d/fast"
/usr/bin/make -f CMakeFiles/cmTC_0067d.dir/build.make CMakeFiles/cmTC_0067d.dir/build
make[1]: Entering directory '/home/nour/OS-Project/processManager/target/debug/build/fltk-sys-bbdbb3dbcb054813/out/build/CMakeFiles/CMakeTmp'
Building C object CMakeFiles/cmTC_0067d.dir/CheckFunctionExists.c.o
/usr/bin/cc   -ffunction-sections -fdata-sections -fPIC -m64 -DCHECK_FUNCTION_EXISTS=vsnprintf   -o CMakeFiles/cmTC_0067d.dir/CheckFunctionExists.c.o   -c /usr/share/cmake-3.10/Modules/CheckFunctionExists.c
<command-line>:0:23: warning: conflicting types for built-in function vsnprintf [-Wbuiltin-declaration-mismatch]
/usr/share/cmake-3.10/Modules/CheckFunctionExists.c:7:3: note: in expansion of macro CHECK_FUNCTION_EXISTS
   CHECK_FUNCTION_EXISTS(void);
   ^~~~~~~~~~~~~~~~~~~~~
Linking C executable cmTC_0067d
/usr/bin/cmake -E cmake_link_script CMakeFiles/cmTC_0067d.dir/link.txt --verbose=1
/usr/bin/cc  -ffunction-sections -fdata-sections -fPIC -m64 -DCHECK_FUNCTION_EXISTS=vsnprintf    -rdynamic CMakeFiles/cmTC_0067d.dir/CheckFunctionExists.c.o  -o cmTC_0067d 
make[1]: Leaving directory '/home/nour/OS-Project/processManager/target/debug/build/fltk-sys-bbdbb3dbcb054813/out/build/CMakeFiles/CMakeTmp'


Determining if the function XOpenDisplay exists in the /usr/lib/x86_64-linux-gnu/libX11.so;/usr/lib/x86_64-linux-gnu/libXext.so passed with the following output:
Change Dir: /home/nour/OS-Project/processManager/target/debug/build/fltk-sys-bbdbb3dbcb054813/out/build/CMakeFiles/CMakeTmp

Run Build Command:"/usr/bin/make" "cmTC_3b60a/fast"
/usr/bin/make -f CMakeFiles/cmTC_3b60a.dir/build.make CMakeFiles/cmTC_3b60a.dir/build
make[1]: Entering directory '/home/nour/OS-Project/processManager/target/debug/build/fltk-sys-bbdbb3dbcb054813/out/build/CMakeFiles/CMakeTmp'
Building C object CMakeFiles/cmTC_3b60a.dir/CheckFunctionExists.c.o
/usr/bin/cc   -ffunction-sections -fdata-sections -fPIC -m64 -DCHECK_FUNCTION_EXISTS=XOpenDisplay   -o CMakeFiles/cmTC_3b60a.dir/CheckFunctionExists.c.o   -c /usr/share/cmake-3.10/Modules/CheckFunctionExists.c
Linking C executable cmTC_3b60a
/usr/bin/cmake -E cmake_link_script CMakeFiles/cmTC_3b60a.dir/link.txt --verbose=1
/usr/bin/cc  -ffunction-sections -fdata-sections -fPIC -m64 -DCHECK_FUNCTION_EXISTS=XOpenDisplay    -rdynamic CMakeFiles/cmTC_3b60a.dir/CheckFunctionExists.c.o  -o cmTC_3b60a /usr/lib/x86_64-linux-gnu/libX11.so /usr/lib/x86_64-linux-gnu/libXext.so 
make[1]: Leaving directory '/home/nour/OS-Project/processManager/target/debug/build/fltk-sys-bbdbb3dbcb054813/out/build/CMakeFiles/CMakeTmp'


Determining if the function gethostbyname exists passed with the following output:
Change Dir: /home/nour/OS-Project/processManager/target/debug/build/fltk-sys-bbdbb3dbcb054813/out/build/CMakeFiles/CMakeTmp

Run Build Command:"/usr/bin/make" "cmTC_80052/fast"
/usr/bin/make -f CMakeFiles/cmTC_80052.dir/build.make CMakeFiles/cmTC_80052.dir/build
make[1]: Entering directory '/home/nour/OS-Project/processManager/target/debug/build/fltk-sys-bbdbb3dbcb054813/out/build/CMakeFiles/CMakeTmp'
Building C object CMakeFiles/cmTC_80052.dir/CheckFunctionExists.c.o
/usr/bin/cc   -ffunction-sections -fdata-sections -fPIC -m64 -DCHECK_FUNCTION_EXISTS=gethostbyname   -o CMakeFiles/cmTC_80052.dir/CheckFunctionExists.c.o   -c /usr/share/cmake-3.10/Modules/CheckFunctionExists.c
Linking C executable cmTC_80052
/usr/bin/cmake -E cmake_link_script CMakeFiles/cmTC_80052.dir/link.txt --verbose=1
/usr/bin/cc  -ffunction-sections -fdata-sections -fPIC -m64 -DCHECK_FUNCTION_EXISTS=gethostbyname    -rdynamic CMakeFiles/cmTC_80052.dir/CheckFunctionExists.c.o  -o cmTC_80052 
make[1]: Leaving directory '/home/nour/OS-Project/processManager/target/debug/build/fltk-sys-bbdbb3dbcb054813/out/build/CMakeFiles/CMakeTmp'


Determining if the function connect exists passed with the following output:
Change Dir: /home/nour/OS-Project/processManager/target/debug/build/fltk-sys-bbdbb3dbcb054813/out/build/CMakeFiles/CMakeTmp

Run Build Command:"/usr/bin/make" "cmTC_19c16/fast"
/usr/bin/make -f CMakeFiles/cmTC_19c16.dir/build.make CMakeFiles/cmTC_19c16.dir/build
make[1]: Entering directory '/home/nour/OS-Project/processManager/target/debug/build/fltk-sys-bbdbb3dbcb054813/out/build/CMakeFiles/CMakeTmp'
Building C object CMakeFiles/cmTC_19c16.dir/CheckFunctionExists.c.o
/usr/bin/cc   -ffunction-sections -fdata-sections -fPIC -m64 -DCHECK_FUNCTION_EXISTS=connect   -o CMakeFiles/cmTC_19c16.dir/CheckFunctionExists.c.o   -c /usr/share/cmake-3.10/Modules/CheckFunctionExists.c
Linking C executable cmTC_19c16
/usr/bin/cmake -E cmake_link_script CMakeFiles/cmTC_19c16.dir/link.txt --verbose=1
/usr/bin/cc  -ffunction-sections -fdata-sections -fPIC -m64 -DCHECK_FUNCTION_EXISTS=connect    -rdynamic CMakeFiles/cmTC_19c16.dir/CheckFunctionExists.c.o  -o cmTC_19c16 
make[1]: Leaving directory '/home/nour/OS-Project/processManager/target/debug/build/fltk-sys-bbdbb3dbcb054813/out/build/CMakeFiles/CMakeTmp'


Determining if the function remove exists passed with the following output:
Change Dir: /home/nour/OS-Project/processManager/target/debug/build/fltk-sys-bbdbb3dbcb054813/out/build/CMakeFiles/CMakeTmp

Run Build Command:"/usr/bin/make" "cmTC_458dc/fast"
/usr/bin/make -f CMakeFiles/cmTC_458dc.dir/build.make CMakeFiles/cmTC_458dc.dir/build
make[1]: Entering directory '/home/nour/OS-Project/processManager/target/debug/build/fltk-sys-bbdbb3dbcb054813/out/build/CMakeFiles/CMakeTmp'
Building C object CMakeFiles/cmTC_458dc.dir/CheckFunctionExists.c.o
/usr/bin/cc   -ffunction-sections -fdata-sections -fPIC -m64 -DCHECK_FUNCTION_EXISTS=remove   -o CMakeFiles/cmTC_458dc.dir/CheckFunctionExists.c.o   -c /usr/share/cmake-3.10/Modules/CheckFunctionExists.c
Linking C executable cmTC_458dc
/usr/bin/cmake -E cmake_link_script CMakeFiles/cmTC_458dc.dir/link.txt --verbose=1
/usr/bin/cc  -ffunction-sections -fdata-sections -fPIC -m64 -DCHECK_FUNCTION_EXISTS=remove    -rdynamic CMakeFiles/cmTC_458dc.dir/CheckFunctionExists.c.o  -o cmTC_458dc 
make[1]: Leaving directory '/home/nour/OS-Project/processManager/target/debug/build/fltk-sys-bbdbb3dbcb054813/out/build/CMakeFiles/CMakeTmp'


Determining if the function shmat exists passed with the following output:
Change Dir: /home/nour/OS-Project/processManager/target/debug/build/fltk-sys-bbdbb3dbcb054813/out/build/CMakeFiles/CMakeTmp

Run Build Command:"/usr/bin/make" "cmTC_dd4eb/fast"
/usr/bin/make -f CMakeFiles/cmTC_dd4eb.dir/build.make CMakeFiles/cmTC_dd4eb.dir/build
make[1]: Entering directory '/home/nour/OS-Project/processManager/target/debug/build/fltk-sys-bbdbb3dbcb054813/out/build/CMakeFiles/CMakeTmp'
Building C object CMakeFiles/cmTC_dd4eb.dir/CheckFunctionExists.c.o
/usr/bin/cc   -ffunction-sections -fdata-sections -fPIC -m64 -DCHECK_FUNCTION_EXISTS=shmat   -o CMakeFiles/cmTC_dd4eb.dir/CheckFunctionExists.c.o   -c /usr/share/cmake-3.10/Modules/CheckFunctionExists.c
Linking C executable cmTC_dd4eb
/usr/bin/cmake -E cmake_link_script CMakeFiles/cmTC_dd4eb.dir/link.txt --verbose=1
/usr/bin/cc  -ffunction-sections -fdata-sections -fPIC -m64 -DCHECK_FUNCTION_EXISTS=shmat    -rdynamic CMakeFiles/cmTC_dd4eb.dir/CheckFunctionExists.c.o  -o cmTC_dd4eb 
make[1]: Leaving directory '/home/nour/OS-Project/processManager/target/debug/build/fltk-sys-bbdbb3dbcb054813/out/build/CMakeFiles/CMakeTmp'


Determining if the function IceConnectionNumber exists in the ICE passed with the following output:
Change Dir: /home/nour/OS-Project/processManager/target/debug/build/fltk-sys-bbdbb3dbcb054813/out/build/CMakeFiles/CMakeTmp

Run Build Command:"/usr/bin/make" "cmTC_b134c/fast"
/usr/bin/make -f CMakeFiles/cmTC_b134c.dir/build.make CMakeFiles/cmTC_b134c.dir/build
make[1]: Entering directory '/home/nour/OS-Project/processManager/target/debug/build/fltk-sys-bbdbb3dbcb054813/out/build/CMakeFiles/CMakeTmp'
Building C object CMakeFiles/cmTC_b134c.dir/CheckFunctionExists.c.o
/usr/bin/cc   -ffunction-sections -fdata-sections -fPIC -m64 -DCHECK_FUNCTION_EXISTS=IceConnectionNumber   -o CMakeFiles/cmTC_b134c.dir/CheckFunctionExists.c.o   -c /usr/share/cmake-3.10/Modules/CheckFunctionExists.c
Linking C executable cmTC_b134c
/usr/bin/cmake -E cmake_link_script CMakeFiles/cmTC_b134c.dir/link.txt --verbose=1
/usr/bin/cc  -ffunction-sections -fdata-sections -fPIC -m64 -DCHECK_FUNCTION_EXISTS=IceConnectionNumber    -rdynamic CMakeFiles/cmTC_b134c.dir/CheckFunctionExists.c.o  -o cmTC_b134c -lICE 
make[1]: Leaving directory '/home/nour/OS-Project/processManager/target/debug/build/fltk-sys-bbdbb3dbcb054813/out/build/CMakeFiles/CMakeTmp'


Determining if the include file pthread.h exists passed with the following output:
Change Dir: /home/nour/OS-Project/processManager/target/debug/build/fltk-sys-bbdbb3dbcb054813/out/build/CMakeFiles/CMakeTmp

Run Build Command:"/usr/bin/make" "cmTC_d3dd2/fast"
/usr/bin/make -f CMakeFiles/cmTC_d3dd2.dir/build.make CMakeFiles/cmTC_d3dd2.dir/build
make[1]: Entering directory '/home/nour/OS-Project/processManager/target/debug/build/fltk-sys-bbdbb3dbcb054813/out/build/CMakeFiles/CMakeTmp'
Building C object CMakeFiles/cmTC_d3dd2.dir/CheckIncludeFile.c.o
/usr/bin/cc   -ffunction-sections -fdata-sections -fPIC -m64    -o CMakeFiles/cmTC_d3dd2.dir/CheckIncludeFile.c.o   -c /home/nour/OS-Project/processManager/target/debug/build/fltk-sys-bbdbb3dbcb054813/out/build/CMakeFiles/CMakeTmp/CheckIncludeFile.c
Linking C executable cmTC_d3dd2
/usr/bin/cmake -E cmake_link_script CMakeFiles/cmTC_d3dd2.dir/link.txt --verbose=1
/usr/bin/cc  -ffunction-sections -fdata-sections -fPIC -m64     -rdynamic CMakeFiles/cmTC_d3dd2.dir/CheckIncludeFile.c.o  -o cmTC_d3dd2 
make[1]: Leaving directory '/home/nour/OS-Project/processManager/target/debug/build/fltk-sys-bbdbb3dbcb054813/out/build/CMakeFiles/CMakeTmp'


Determining if the function pthread_create exists in the pthread passed with the following output:
Change Dir: /home/nour/OS-Project/processManager/target/debug/build/fltk-sys-bbdbb3dbcb054813/out/build/CMakeFiles/CMakeTmp

Run Build Command:"/usr/bin/make" "cmTC_b4bcb/fast"
/usr/bin/make -f CMakeFiles/cmTC_b4bcb.dir/build.make CMakeFiles/cmTC_b4bcb.dir/build
make[1]: Entering directory '/home/nour/OS-Project/processManager/target/debug/build/fltk-sys-bbdbb3dbcb054813/out/build/CMakeFiles/CMakeTmp'
Building C object CMakeFiles/cmTC_b4bcb.dir/CheckFunctionExists.c.o
/usr/bin/cc   -ffunction-sections -fdata-sections -fPIC -m64 -DCHECK_FUNCTION_EXISTS=pthread_create   -o CMakeFiles/cmTC_b4bcb.dir/CheckFunctionExists.c.o   -c /usr/share/cmake-3.10/Modules/CheckFunctionExists.c
Linking C executable cmTC_b4bcb
/usr/bin/cmake -E cmake_link_script CMakeFiles/cmTC_b4bcb.dir/link.txt --verbose=1
/usr/bin/cc  -ffunction-sections -fdata-sections -fPIC -m64 -DCHECK_FUNCTION_EXISTS=pthread_create    -rdynamic CMakeFiles/cmTC_b4bcb.dir/CheckFunctionExists.c.o  -o cmTC_b4bcb -lpthread 
make[1]: Leaving directory '/home/nour/OS-Project/processManager/target/debug/build/fltk-sys-bbdbb3dbcb054813/out/build/CMakeFiles/CMakeTmp'


